2024-12-11 17:39:59,100 - INFO - Starting RSS Feed Translator
2024-12-11 17:39:59,127 - INFO - RSSTranslator initialized with 2 feeds
2024-12-11 17:39:59,127 - INFO - Starting feed processing cycle
2024-12-11 17:39:59,473 - INFO - Processing feed: Defence24
2024-12-11 17:39:59,595 - INFO - HTTP Request: POST https://translate.google.com/_/TranslateWebserverUi/data/batchexecute?rpcids=MkEWBc&bl=boq_translate-webserver_20201207.13_p0&soc-app=1&soc-platform=1&soc-device=1&rt=c "HTTP/2 200 OK"
2024-12-11 17:39:59,681 - INFO - HTTP Request: POST https://translate.google.com/_/TranslateWebserverUi/data/batchexecute?rpcids=MkEWBc&bl=boq_translate-webserver_20201207.13_p0&soc-app=1&soc-platform=1&soc-device=1&rt=c "HTTP/2 200 OK"
2024-12-11 17:39:59,682 - INFO - Title: The USA will strengthen F-16 aircraft fighting in Ukraine, Published: Wed, 11 Dec 2024 15:30:02 GMT, Link: https://defence24.pl/polityka-obronna/usa-wzmocnia-samoloty-f-16-walczace-na-ukrainie
2024-12-11 17:39:59,751 - INFO - HTTP Request: POST https://translate.google.com/_/TranslateWebserverUi/data/batchexecute?rpcids=MkEWBc&bl=boq_translate-webserver_20201207.13_p0&soc-app=1&soc-platform=1&soc-device=1&rt=c "HTTP/2 200 OK"
2024-12-11 17:39:59,823 - INFO - HTTP Request: POST https://translate.google.com/_/TranslateWebserverUi/data/batchexecute?rpcids=MkEWBc&bl=boq_translate-webserver_20201207.13_p0&soc-app=1&soc-platform=1&soc-device=1&rt=c "HTTP/2 200 OK"
2024-12-11 17:39:59,825 - INFO - Title: Data fusion and border defense.Rohde & Schwarz for the army, Published: Wed, 11 Dec 2024 14:45:20 GMT, Link: https://defence24.pl/przemysl/fuzja-danych-i-obrona-granicy-rohde-schwarz-dla-wojska
2024-12-11 17:39:59,901 - INFO - HTTP Request: POST https://translate.google.com/_/TranslateWebserverUi/data/batchexecute?rpcids=MkEWBc&bl=boq_translate-webserver_20201207.13_p0&soc-app=1&soc-platform=1&soc-device=1&rt=c "HTTP/2 200 OK"
2024-12-11 17:40:00,082 - INFO - HTTP Request: POST https://translate.google.com/_/TranslateWebserverUi/data/batchexecute?rpcids=MkEWBc&bl=boq_translate-webserver_20201207.13_p0&soc-app=1&soc-platform=1&soc-device=1&rt=c "HTTP/2 200 OK"
2024-12-11 17:40:00,083 - INFO - Title: Mon will buy drones from the USA.Skyguardian for the Polish Army, Published: Wed, 11 Dec 2024 12:42:51 GMT, Link: https://defence24.pl/przemysl/mon-kupi-drony-z-usa-skyguardian-dla-wojska-polskiego
2024-12-11 17:40:00,148 - INFO - HTTP Request: POST https://translate.google.com/_/TranslateWebserverUi/data/batchexecute?rpcids=MkEWBc&bl=boq_translate-webserver_20201207.13_p0&soc-app=1&soc-platform=1&soc-device=1&rt=c "HTTP/2 200 OK"
2024-12-11 17:40:00,212 - INFO - HTTP Request: POST https://translate.google.com/_/TranslateWebserverUi/data/batchexecute?rpcids=MkEWBc&bl=boq_translate-webserver_20201207.13_p0&soc-app=1&soc-platform=1&soc-device=1&rt=c "HTTP/2 200 OK"
2024-12-11 17:40:00,213 - INFO - Title: Hungary with a mediator on Ukraine?Orban's meeting with Trump and a conversation with Putin [opinion], Published: Wed, 11 Dec 2024 12:30:01 GMT, Link: https://defence24.pl/geopolityka/wegry-mediatorem-ws-ukrainy-spotkanie-orbana-z-trumpem-i-rozmowa-z-putinem-opinia
2024-12-11 17:40:00,292 - INFO - HTTP Request: POST https://translate.google.com/_/TranslateWebserverUi/data/batchexecute?rpcids=MkEWBc&bl=boq_translate-webserver_20201207.13_p0&soc-app=1&soc-platform=1&soc-device=1&rt=c "HTTP/2 200 OK"
2024-12-11 17:40:01,517 - INFO - HTTP Request: POST https://translate.google.com/_/TranslateWebserverUi/data/batchexecute?rpcids=MkEWBc&bl=boq_translate-webserver_20201207.13_p0&soc-app=1&soc-platform=1&soc-device=1&rt=c "HTTP/2 200 OK"
2024-12-11 17:40:01,518 - INFO - Title: New edition of the German system on the truck, Published: Wed, 11 Dec 2024 12:00:00 GMT, Link: https://defence24.pl/przemysl/nowe-wydanie-niemieckiego-systemu-na-ciezarowce
2024-12-11 17:40:01,519 - INFO - Data saved to data/translated_feeds.json
2024-12-11 17:40:02,806 - INFO - Processing feed: Notes From Poland
2024-12-11 17:40:02,865 - INFO - HTTP Request: POST https://translate.google.com/_/TranslateWebserverUi/data/batchexecute?rpcids=MkEWBc&bl=boq_translate-webserver_20201207.13_p0&soc-app=1&soc-platform=1&soc-device=1&rt=c "HTTP/2 200 OK"
2024-12-11 17:40:02,927 - INFO - HTTP Request: POST https://translate.google.com/_/TranslateWebserverUi/data/batchexecute?rpcids=MkEWBc&bl=boq_translate-webserver_20201207.13_p0&soc-app=1&soc-platform=1&soc-device=1&rt=c "HTTP/2 200 OK"
2024-12-11 17:40:02,929 - INFO - Title: The Polish town 97% destroyed in WWII which then rose from the ashes, Published: Wed, 11 Dec 2024 16:38:36 +0000, Link: https://notesfrompoland.com/2024/12/11/the-polish-town-97-destroyed-in-wwii-which-then-rose-from-the-ashes/
2024-12-11 17:40:02,992 - INFO - HTTP Request: POST https://translate.google.com/_/TranslateWebserverUi/data/batchexecute?rpcids=MkEWBc&bl=boq_translate-webserver_20201207.13_p0&soc-app=1&soc-platform=1&soc-device=1&rt=c "HTTP/2 200 OK"
2024-12-11 17:40:03,064 - INFO - HTTP Request: POST https://translate.google.com/_/TranslateWebserverUi/data/batchexecute?rpcids=MkEWBc&bl=boq_translate-webserver_20201207.13_p0&soc-app=1&soc-platform=1&soc-device=1&rt=c "HTTP/2 200 OK"
2024-12-11 17:40:03,065 - INFO - Title: Poland to make private TV stations “strategic firms”, allowing blocking of sale to “hostile” states, Published: Wed, 11 Dec 2024 14:41:16 +0000, Link: https://notesfrompoland.com/2024/12/11/poland-names-private-tv-stations-strategic-firms-allowing-blocking-of-sale-to-hostile-countries/
2024-12-11 17:40:03,128 - INFO - HTTP Request: POST https://translate.google.com/_/TranslateWebserverUi/data/batchexecute?rpcids=MkEWBc&bl=boq_translate-webserver_20201207.13_p0&soc-app=1&soc-platform=1&soc-device=1&rt=c "HTTP/2 200 OK"
2024-12-11 17:40:03,194 - INFO - HTTP Request: POST https://translate.google.com/_/TranslateWebserverUi/data/batchexecute?rpcids=MkEWBc&bl=boq_translate-webserver_20201207.13_p0&soc-app=1&soc-platform=1&soc-device=1&rt=c "HTTP/2 200 OK"
2024-12-11 17:40:03,195 - INFO - Title: Polish state energy giant Orlen halts petrochemical plant project launched under former government, Published: Wed, 11 Dec 2024 12:10:24 +0000, Link: https://notesfrompoland.com/2024/12/11/polish-state-energy-giant-orlen-halts-petrochemical-plant-project-launched-under-former-government/
2024-12-11 17:40:03,256 - INFO - HTTP Request: POST https://translate.google.com/_/TranslateWebserverUi/data/batchexecute?rpcids=MkEWBc&bl=boq_translate-webserver_20201207.13_p0&soc-app=1&soc-platform=1&soc-device=1&rt=c "HTTP/2 200 OK"
2024-12-11 17:40:03,312 - INFO - HTTP Request: POST https://translate.google.com/_/TranslateWebserverUi/data/batchexecute?rpcids=MkEWBc&bl=boq_translate-webserver_20201207.13_p0&soc-app=1&soc-platform=1&soc-device=1&rt=c "HTTP/2 200 OK"
2024-12-11 17:40:03,314 - INFO - Title: How will Donald Trump’s election victory affect Polish politics?, Published: Tue, 10 Dec 2024 10:35:40 +0000, Link: https://notesfrompoland.com/2024/12/10/how-will-donald-trumps-election-victory-affect-polish-politics/
2024-12-11 17:40:03,367 - INFO - HTTP Request: POST https://translate.google.com/_/TranslateWebserverUi/data/batchexecute?rpcids=MkEWBc&bl=boq_translate-webserver_20201207.13_p0&soc-app=1&soc-platform=1&soc-device=1&rt=c "HTTP/2 200 OK"
2024-12-11 17:40:03,565 - INFO - HTTP Request: POST https://translate.google.com/_/TranslateWebserverUi/data/batchexecute?rpcids=MkEWBc&bl=boq_translate-webserver_20201207.13_p0&soc-app=1&soc-platform=1&soc-device=1&rt=c "HTTP/2 200 OK"
2024-12-11 17:40:03,566 - INFO - Title: Poland climbs 22 places in fertility treatment ranking after change in government, Published: Tue, 10 Dec 2024 09:52:36 +0000, Link: https://notesfrompoland.com/2024/12/10/poland-climbs-22-places-in-fertility-treatment-ranking-after-change-in-government/
2024-12-11 17:40:03,567 - INFO - Data saved to data/translated_feeds.json
2024-12-11 17:40:04,573 - INFO - Feed processing cycle completed. Waiting 5 minutes before next update.
2024-12-11 17:42:07,305 - INFO - Program terminated by user
2024-12-11 17:42:08,945 - INFO - Starting RSS Feed Translator
2024-12-11 17:42:08,968 - INFO - RSSTranslator initialized with 2 feeds
2024-12-11 17:42:08,968 - INFO - Starting feed processing
2024-12-11 17:42:09,164 - INFO - Processing feed: Defence24
2024-12-11 17:42:09,321 - INFO - HTTP Request: POST https://translate.google.com/_/TranslateWebserverUi/data/batchexecute?rpcids=MkEWBc&bl=boq_translate-webserver_20201207.13_p0&soc-app=1&soc-platform=1&soc-device=1&rt=c "HTTP/2 200 OK"
2024-12-11 17:42:09,408 - INFO - HTTP Request: POST https://translate.google.com/_/TranslateWebserverUi/data/batchexecute?rpcids=MkEWBc&bl=boq_translate-webserver_20201207.13_p0&soc-app=1&soc-platform=1&soc-device=1&rt=c "HTTP/2 200 OK"
2024-12-11 17:42:09,409 - INFO - Title: The USA will strengthen F-16 aircraft fighting in Ukraine, Published: Wed, 11 Dec 2024 15:30:02 GMT, Link: https://defence24.pl/polityka-obronna/usa-wzmocnia-samoloty-f-16-walczace-na-ukrainie
2024-12-11 17:42:09,598 - INFO - HTTP Request: POST https://translate.google.com/_/TranslateWebserverUi/data/batchexecute?rpcids=MkEWBc&bl=boq_translate-webserver_20201207.13_p0&soc-app=1&soc-platform=1&soc-device=1&rt=c "HTTP/2 200 OK"
2024-12-11 17:42:09,674 - INFO - HTTP Request: POST https://translate.google.com/_/TranslateWebserverUi/data/batchexecute?rpcids=MkEWBc&bl=boq_translate-webserver_20201207.13_p0&soc-app=1&soc-platform=1&soc-device=1&rt=c "HTTP/2 200 OK"
2024-12-11 17:42:09,675 - INFO - Title: Data fusion and border defense.Rohde & Schwarz for the army, Published: Wed, 11 Dec 2024 14:45:20 GMT, Link: https://defence24.pl/przemysl/fuzja-danych-i-obrona-granicy-rohde-schwarz-dla-wojska
2024-12-11 17:42:09,745 - INFO - HTTP Request: POST https://translate.google.com/_/TranslateWebserverUi/data/batchexecute?rpcids=MkEWBc&bl=boq_translate-webserver_20201207.13_p0&soc-app=1&soc-platform=1&soc-device=1&rt=c "HTTP/2 200 OK"
2024-12-11 17:42:09,846 - INFO - HTTP Request: POST https://translate.google.com/_/TranslateWebserverUi/data/batchexecute?rpcids=MkEWBc&bl=boq_translate-webserver_20201207.13_p0&soc-app=1&soc-platform=1&soc-device=1&rt=c "HTTP/2 200 OK"
2024-12-11 17:42:09,847 - INFO - Title: Mon will buy drones from the USA.Skyguardian for the Polish Army, Published: Wed, 11 Dec 2024 12:42:51 GMT, Link: https://defence24.pl/przemysl/mon-kupi-drony-z-usa-skyguardian-dla-wojska-polskiego
2024-12-11 17:42:10,130 - INFO - HTTP Request: POST https://translate.google.com/_/TranslateWebserverUi/data/batchexecute?rpcids=MkEWBc&bl=boq_translate-webserver_20201207.13_p0&soc-app=1&soc-platform=1&soc-device=1&rt=c "HTTP/2 200 OK"
2024-12-11 17:42:10,189 - INFO - HTTP Request: POST https://translate.google.com/_/TranslateWebserverUi/data/batchexecute?rpcids=MkEWBc&bl=boq_translate-webserver_20201207.13_p0&soc-app=1&soc-platform=1&soc-device=1&rt=c "HTTP/2 200 OK"
2024-12-11 17:42:10,190 - INFO - Title: Hungary with a mediator on Ukraine?Orban's meeting with Trump and a conversation with Putin [opinion], Published: Wed, 11 Dec 2024 12:30:01 GMT, Link: https://defence24.pl/geopolityka/wegry-mediatorem-ws-ukrainy-spotkanie-orbana-z-trumpem-i-rozmowa-z-putinem-opinia
2024-12-11 17:42:10,267 - INFO - HTTP Request: POST https://translate.google.com/_/TranslateWebserverUi/data/batchexecute?rpcids=MkEWBc&bl=boq_translate-webserver_20201207.13_p0&soc-app=1&soc-platform=1&soc-device=1&rt=c "HTTP/2 200 OK"
2024-12-11 17:42:10,355 - INFO - HTTP Request: POST https://translate.google.com/_/TranslateWebserverUi/data/batchexecute?rpcids=MkEWBc&bl=boq_translate-webserver_20201207.13_p0&soc-app=1&soc-platform=1&soc-device=1&rt=c "HTTP/2 200 OK"
2024-12-11 17:42:10,357 - INFO - Title: New edition of the German system on the truck, Published: Wed, 11 Dec 2024 12:00:00 GMT, Link: https://defence24.pl/przemysl/nowe-wydanie-niemieckiego-systemu-na-ciezarowce
2024-12-11 17:42:10,359 - INFO - Data saved to data/translated_feeds.json
2024-12-11 17:42:11,629 - INFO - Processing feed: Notes From Poland
2024-12-11 17:42:11,686 - INFO - HTTP Request: POST https://translate.google.com/_/TranslateWebserverUi/data/batchexecute?rpcids=MkEWBc&bl=boq_translate-webserver_20201207.13_p0&soc-app=1&soc-platform=1&soc-device=1&rt=c "HTTP/2 200 OK"
2024-12-11 17:42:11,741 - INFO - HTTP Request: POST https://translate.google.com/_/TranslateWebserverUi/data/batchexecute?rpcids=MkEWBc&bl=boq_translate-webserver_20201207.13_p0&soc-app=1&soc-platform=1&soc-device=1&rt=c "HTTP/2 200 OK"
2024-12-11 17:42:11,742 - INFO - Title: The Polish town 97% destroyed in WWII which then rose from the ashes, Published: Wed, 11 Dec 2024 16:38:36 +0000, Link: https://notesfrompoland.com/2024/12/11/the-polish-town-97-destroyed-in-wwii-which-then-rose-from-the-ashes/
2024-12-11 17:42:11,853 - INFO - HTTP Request: POST https://translate.google.com/_/TranslateWebserverUi/data/batchexecute?rpcids=MkEWBc&bl=boq_translate-webserver_20201207.13_p0&soc-app=1&soc-platform=1&soc-device=1&rt=c "HTTP/2 200 OK"
2024-12-11 17:42:11,919 - INFO - HTTP Request: POST https://translate.google.com/_/TranslateWebserverUi/data/batchexecute?rpcids=MkEWBc&bl=boq_translate-webserver_20201207.13_p0&soc-app=1&soc-platform=1&soc-device=1&rt=c "HTTP/2 200 OK"
2024-12-11 17:42:11,920 - INFO - Title: Poland to make private TV stations “strategic firms”, allowing blocking of sale to “hostile” states, Published: Wed, 11 Dec 2024 14:41:16 +0000, Link: https://notesfrompoland.com/2024/12/11/poland-names-private-tv-stations-strategic-firms-allowing-blocking-of-sale-to-hostile-countries/
2024-12-11 17:42:11,987 - INFO - HTTP Request: POST https://translate.google.com/_/TranslateWebserverUi/data/batchexecute?rpcids=MkEWBc&bl=boq_translate-webserver_20201207.13_p0&soc-app=1&soc-platform=1&soc-device=1&rt=c "HTTP/2 200 OK"
2024-12-11 17:42:12,048 - INFO - HTTP Request: POST https://translate.google.com/_/TranslateWebserverUi/data/batchexecute?rpcids=MkEWBc&bl=boq_translate-webserver_20201207.13_p0&soc-app=1&soc-platform=1&soc-device=1&rt=c "HTTP/2 200 OK"
2024-12-11 17:42:12,049 - INFO - Title: Polish state energy giant Orlen halts petrochemical plant project launched under former government, Published: Wed, 11 Dec 2024 12:10:24 +0000, Link: https://notesfrompoland.com/2024/12/11/polish-state-energy-giant-orlen-halts-petrochemical-plant-project-launched-under-former-government/
2024-12-11 17:42:12,280 - INFO - HTTP Request: POST https://translate.google.com/_/TranslateWebserverUi/data/batchexecute?rpcids=MkEWBc&bl=boq_translate-webserver_20201207.13_p0&soc-app=1&soc-platform=1&soc-device=1&rt=c "HTTP/2 200 OK"
2024-12-11 17:42:12,334 - INFO - HTTP Request: POST https://translate.google.com/_/TranslateWebserverUi/data/batchexecute?rpcids=MkEWBc&bl=boq_translate-webserver_20201207.13_p0&soc-app=1&soc-platform=1&soc-device=1&rt=c "HTTP/2 200 OK"
2024-12-11 17:42:12,336 - INFO - Title: How will Donald Trump’s election victory affect Polish politics?, Published: Tue, 10 Dec 2024 10:35:40 +0000, Link: https://notesfrompoland.com/2024/12/10/how-will-donald-trumps-election-victory-affect-polish-politics/
2024-12-11 17:42:12,394 - INFO - HTTP Request: POST https://translate.google.com/_/TranslateWebserverUi/data/batchexecute?rpcids=MkEWBc&bl=boq_translate-webserver_20201207.13_p0&soc-app=1&soc-platform=1&soc-device=1&rt=c "HTTP/2 200 OK"
2024-12-11 17:42:12,449 - INFO - HTTP Request: POST https://translate.google.com/_/TranslateWebserverUi/data/batchexecute?rpcids=MkEWBc&bl=boq_translate-webserver_20201207.13_p0&soc-app=1&soc-platform=1&soc-device=1&rt=c "HTTP/2 200 OK"
2024-12-11 17:42:12,454 - INFO - Title: Poland climbs 22 places in fertility treatment ranking after change in government, Published: Tue, 10 Dec 2024 09:52:36 +0000, Link: https://notesfrompoland.com/2024/12/10/poland-climbs-22-places-in-fertility-treatment-ranking-after-change-in-government/
2024-12-11 17:42:12,455 - INFO - Data saved to data/translated_feeds.json
2024-12-11 17:42:13,456 - INFO - Feed processing completed. Exiting.
2024-12-11 17:42:25,888 - INFO - Starting RSS Feed Translator
2024-12-11 17:42:25,911 - INFO - RSSTranslator initialized with 2 feeds
2024-12-11 17:42:25,911 - INFO - Starting feed processing
2024-12-11 17:42:26,094 - INFO - Processing feed: Defence24
2024-12-11 17:42:26,517 - INFO - HTTP Request: POST https://translate.google.com/_/TranslateWebserverUi/data/batchexecute?rpcids=MkEWBc&bl=boq_translate-webserver_20201207.13_p0&soc-app=1&soc-platform=1&soc-device=1&rt=c "HTTP/2 200 OK"
2024-12-11 17:42:26,588 - INFO - HTTP Request: POST https://translate.google.com/_/TranslateWebserverUi/data/batchexecute?rpcids=MkEWBc&bl=boq_translate-webserver_20201207.13_p0&soc-app=1&soc-platform=1&soc-device=1&rt=c "HTTP/2 200 OK"
2024-12-11 17:42:26,589 - INFO - Title: The USA will strengthen F-16 aircraft fighting in Ukraine, Published: Wed, 11 Dec 2024 15:30:02 GMT, Link: https://defence24.pl/polityka-obronna/usa-wzmocnia-samoloty-f-16-walczace-na-ukrainie
2024-12-11 17:42:26,660 - INFO - HTTP Request: POST https://translate.google.com/_/TranslateWebserverUi/data/batchexecute?rpcids=MkEWBc&bl=boq_translate-webserver_20201207.13_p0&soc-app=1&soc-platform=1&soc-device=1&rt=c "HTTP/2 200 OK"
2024-12-11 17:42:26,773 - INFO - HTTP Request: POST https://translate.google.com/_/TranslateWebserverUi/data/batchexecute?rpcids=MkEWBc&bl=boq_translate-webserver_20201207.13_p0&soc-app=1&soc-platform=1&soc-device=1&rt=c "HTTP/2 200 OK"
2024-12-11 17:42:26,774 - INFO - Title: Data fusion and border defense.Rohde & Schwarz for the army, Published: Wed, 11 Dec 2024 14:45:20 GMT, Link: https://defence24.pl/przemysl/fuzja-danych-i-obrona-granicy-rohde-schwarz-dla-wojska
2024-12-11 17:42:26,853 - INFO - HTTP Request: POST https://translate.google.com/_/TranslateWebserverUi/data/batchexecute?rpcids=MkEWBc&bl=boq_translate-webserver_20201207.13_p0&soc-app=1&soc-platform=1&soc-device=1&rt=c "HTTP/2 200 OK"
2024-12-11 17:42:27,725 - INFO - HTTP Request: POST https://translate.google.com/_/TranslateWebserverUi/data/batchexecute?rpcids=MkEWBc&bl=boq_translate-webserver_20201207.13_p0&soc-app=1&soc-platform=1&soc-device=1&rt=c "HTTP/2 200 OK"
2024-12-11 17:42:27,726 - INFO - Title: Mon will buy drones from the USA.Skyguardian for the Polish Army, Published: Wed, 11 Dec 2024 12:42:51 GMT, Link: https://defence24.pl/przemysl/mon-kupi-drony-z-usa-skyguardian-dla-wojska-polskiego
2024-12-11 17:42:27,798 - INFO - HTTP Request: POST https://translate.google.com/_/TranslateWebserverUi/data/batchexecute?rpcids=MkEWBc&bl=boq_translate-webserver_20201207.13_p0&soc-app=1&soc-platform=1&soc-device=1&rt=c "HTTP/2 200 OK"
2024-12-11 17:42:27,871 - INFO - HTTP Request: POST https://translate.google.com/_/TranslateWebserverUi/data/batchexecute?rpcids=MkEWBc&bl=boq_translate-webserver_20201207.13_p0&soc-app=1&soc-platform=1&soc-device=1&rt=c "HTTP/2 200 OK"
2024-12-11 17:42:27,874 - INFO - Title: Hungary with a mediator on Ukraine?Orban's meeting with Trump and a conversation with Putin [opinion], Published: Wed, 11 Dec 2024 12:30:01 GMT, Link: https://defence24.pl/geopolityka/wegry-mediatorem-ws-ukrainy-spotkanie-orbana-z-trumpem-i-rozmowa-z-putinem-opinia
2024-12-11 17:42:27,956 - INFO - HTTP Request: POST https://translate.google.com/_/TranslateWebserverUi/data/batchexecute?rpcids=MkEWBc&bl=boq_translate-webserver_20201207.13_p0&soc-app=1&soc-platform=1&soc-device=1&rt=c "HTTP/2 200 OK"
2024-12-11 17:42:28,155 - INFO - HTTP Request: POST https://translate.google.com/_/TranslateWebserverUi/data/batchexecute?rpcids=MkEWBc&bl=boq_translate-webserver_20201207.13_p0&soc-app=1&soc-platform=1&soc-device=1&rt=c "HTTP/2 200 OK"
2024-12-11 17:42:28,157 - INFO - Title: New edition of the German system on the truck, Published: Wed, 11 Dec 2024 12:00:00 GMT, Link: https://defence24.pl/przemysl/nowe-wydanie-niemieckiego-systemu-na-ciezarowce
2024-12-11 17:42:28,158 - INFO - Data saved to data/translated_feeds.json
2024-12-11 17:42:29,742 - INFO - Processing feed: Notes From Poland
2024-12-11 17:42:29,805 - INFO - HTTP Request: POST https://translate.google.com/_/TranslateWebserverUi/data/batchexecute?rpcids=MkEWBc&bl=boq_translate-webserver_20201207.13_p0&soc-app=1&soc-platform=1&soc-device=1&rt=c "HTTP/2 200 OK"
2024-12-11 17:42:29,880 - INFO - HTTP Request: POST https://translate.google.com/_/TranslateWebserverUi/data/batchexecute?rpcids=MkEWBc&bl=boq_translate-webserver_20201207.13_p0&soc-app=1&soc-platform=1&soc-device=1&rt=c "HTTP/2 200 OK"
2024-12-11 17:42:29,899 - INFO - Title: The Polish town 97% destroyed in WWII which then rose from the ashes, Published: Wed, 11 Dec 2024 16:38:36 +0000, Link: https://notesfrompoland.com/2024/12/11/the-polish-town-97-destroyed-in-wwii-which-then-rose-from-the-ashes/
2024-12-11 17:42:29,966 - INFO - HTTP Request: POST https://translate.google.com/_/TranslateWebserverUi/data/batchexecute?rpcids=MkEWBc&bl=boq_translate-webserver_20201207.13_p0&soc-app=1&soc-platform=1&soc-device=1&rt=c "HTTP/2 200 OK"
2024-12-11 17:42:30,025 - INFO - HTTP Request: POST https://translate.google.com/_/TranslateWebserverUi/data/batchexecute?rpcids=MkEWBc&bl=boq_translate-webserver_20201207.13_p0&soc-app=1&soc-platform=1&soc-device=1&rt=c "HTTP/2 200 OK"
2024-12-11 17:42:30,026 - INFO - Title: Poland to make private TV stations “strategic firms”, allowing blocking of sale to “hostile” states, Published: Wed, 11 Dec 2024 14:41:16 +0000, Link: https://notesfrompoland.com/2024/12/11/poland-names-private-tv-stations-strategic-firms-allowing-blocking-of-sale-to-hostile-countries/
2024-12-11 17:42:30,097 - INFO - HTTP Request: POST https://translate.google.com/_/TranslateWebserverUi/data/batchexecute?rpcids=MkEWBc&bl=boq_translate-webserver_20201207.13_p0&soc-app=1&soc-platform=1&soc-device=1&rt=c "HTTP/2 200 OK"
2024-12-11 17:42:30,165 - INFO - HTTP Request: POST https://translate.google.com/_/TranslateWebserverUi/data/batchexecute?rpcids=MkEWBc&bl=boq_translate-webserver_20201207.13_p0&soc-app=1&soc-platform=1&soc-device=1&rt=c "HTTP/2 200 OK"
2024-12-11 17:42:30,193 - INFO - Title: Polish state energy giant Orlen halts petrochemical plant project launched under former government, Published: Wed, 11 Dec 2024 12:10:24 +0000, Link: https://notesfrompoland.com/2024/12/11/polish-state-energy-giant-orlen-halts-petrochemical-plant-project-launched-under-former-government/
2024-12-11 17:42:30,259 - INFO - HTTP Request: POST https://translate.google.com/_/TranslateWebserverUi/data/batchexecute?rpcids=MkEWBc&bl=boq_translate-webserver_20201207.13_p0&soc-app=1&soc-platform=1&soc-device=1&rt=c "HTTP/2 200 OK"
2024-12-11 17:42:30,404 - INFO - HTTP Request: POST https://translate.google.com/_/TranslateWebserverUi/data/batchexecute?rpcids=MkEWBc&bl=boq_translate-webserver_20201207.13_p0&soc-app=1&soc-platform=1&soc-device=1&rt=c "HTTP/2 200 OK"
2024-12-11 17:42:30,405 - INFO - Title: How will Donald Trump’s election victory affect Polish politics?, Published: Tue, 10 Dec 2024 10:35:40 +0000, Link: https://notesfrompoland.com/2024/12/10/how-will-donald-trumps-election-victory-affect-polish-politics/
2024-12-11 17:42:30,467 - INFO - HTTP Request: POST https://translate.google.com/_/TranslateWebserverUi/data/batchexecute?rpcids=MkEWBc&bl=boq_translate-webserver_20201207.13_p0&soc-app=1&soc-platform=1&soc-device=1&rt=c "HTTP/2 200 OK"
2024-12-11 17:42:30,526 - INFO - HTTP Request: POST https://translate.google.com/_/TranslateWebserverUi/data/batchexecute?rpcids=MkEWBc&bl=boq_translate-webserver_20201207.13_p0&soc-app=1&soc-platform=1&soc-device=1&rt=c "HTTP/2 200 OK"
2024-12-11 17:42:30,529 - INFO - Title: Poland climbs 22 places in fertility treatment ranking after change in government, Published: Tue, 10 Dec 2024 09:52:36 +0000, Link: https://notesfrompoland.com/2024/12/10/poland-climbs-22-places-in-fertility-treatment-ranking-after-change-in-government/
2024-12-11 17:42:30,531 - INFO - Data saved to data/translated_feeds.json
2024-12-11 17:42:31,534 - INFO - Feed processing completed. Exiting.
2024-12-11 17:43:24,433 - INFO - RSSTranslator initialized with 2 feeds
2024-12-11 17:43:24,799 - INFO - HTTP Request: POST https://translate.google.com/_/TranslateWebserverUi/data/batchexecute?rpcids=MkEWBc&bl=boq_translate-webserver_20201207.13_p0&soc-app=1&soc-platform=1&soc-device=1&rt=c "HTTP/2 200 OK"
2024-12-11 17:43:24,903 - INFO - HTTP Request: POST https://translate.google.com/_/TranslateWebserverUi/data/batchexecute?rpcids=MkEWBc&bl=boq_translate-webserver_20201207.13_p0&soc-app=1&soc-platform=1&soc-device=1&rt=c "HTTP/2 200 OK"
2024-12-11 17:43:24,904 - INFO - Title: The USA will strengthen F-16 aircraft fighting in Ukraine, Published: Wed, 11 Dec 2024 15:30:02 GMT, Link: https://defence24.pl/polityka-obronna/usa-wzmocnia-samoloty-f-16-walczace-na-ukrainie
2024-12-11 17:43:25,003 - INFO - HTTP Request: POST https://translate.google.com/_/TranslateWebserverUi/data/batchexecute?rpcids=MkEWBc&bl=boq_translate-webserver_20201207.13_p0&soc-app=1&soc-platform=1&soc-device=1&rt=c "HTTP/2 200 OK"
2024-12-11 17:43:25,071 - INFO - HTTP Request: POST https://translate.google.com/_/TranslateWebserverUi/data/batchexecute?rpcids=MkEWBc&bl=boq_translate-webserver_20201207.13_p0&soc-app=1&soc-platform=1&soc-device=1&rt=c "HTTP/2 200 OK"
2024-12-11 17:43:25,072 - INFO - Title: Data fusion and border defense.Rohde & Schwarz for the army, Published: Wed, 11 Dec 2024 14:45:20 GMT, Link: https://defence24.pl/przemysl/fuzja-danych-i-obrona-granicy-rohde-schwarz-dla-wojska
2024-12-11 17:43:25,139 - INFO - HTTP Request: POST https://translate.google.com/_/TranslateWebserverUi/data/batchexecute?rpcids=MkEWBc&bl=boq_translate-webserver_20201207.13_p0&soc-app=1&soc-platform=1&soc-device=1&rt=c "HTTP/2 200 OK"
2024-12-11 17:43:25,210 - INFO - HTTP Request: POST https://translate.google.com/_/TranslateWebserverUi/data/batchexecute?rpcids=MkEWBc&bl=boq_translate-webserver_20201207.13_p0&soc-app=1&soc-platform=1&soc-device=1&rt=c "HTTP/2 200 OK"
2024-12-11 17:43:25,211 - INFO - Title: Mon will buy drones from the USA.Skyguardian for the Polish Army, Published: Wed, 11 Dec 2024 12:42:51 GMT, Link: https://defence24.pl/przemysl/mon-kupi-drony-z-usa-skyguardian-dla-wojska-polskiego
2024-12-11 17:43:25,397 - INFO - HTTP Request: POST https://translate.google.com/_/TranslateWebserverUi/data/batchexecute?rpcids=MkEWBc&bl=boq_translate-webserver_20201207.13_p0&soc-app=1&soc-platform=1&soc-device=1&rt=c "HTTP/2 200 OK"
2024-12-11 17:43:25,461 - INFO - HTTP Request: POST https://translate.google.com/_/TranslateWebserverUi/data/batchexecute?rpcids=MkEWBc&bl=boq_translate-webserver_20201207.13_p0&soc-app=1&soc-platform=1&soc-device=1&rt=c "HTTP/2 200 OK"
2024-12-11 17:43:25,464 - INFO - Title: Hungary with a mediator on Ukraine?Orban's meeting with Trump and a conversation with Putin [opinion], Published: Wed, 11 Dec 2024 12:30:01 GMT, Link: https://defence24.pl/geopolityka/wegry-mediatorem-ws-ukrainy-spotkanie-orbana-z-trumpem-i-rozmowa-z-putinem-opinia
2024-12-11 17:43:26,729 - INFO - HTTP Request: POST https://translate.google.com/_/TranslateWebserverUi/data/batchexecute?rpcids=MkEWBc&bl=boq_translate-webserver_20201207.13_p0&soc-app=1&soc-platform=1&soc-device=1&rt=c "HTTP/2 200 OK"
2024-12-11 17:43:26,791 - INFO - HTTP Request: POST https://translate.google.com/_/TranslateWebserverUi/data/batchexecute?rpcids=MkEWBc&bl=boq_translate-webserver_20201207.13_p0&soc-app=1&soc-platform=1&soc-device=1&rt=c "HTTP/2 200 OK"
2024-12-11 17:43:26,792 - INFO - Title: New edition of the German system on the truck, Published: Wed, 11 Dec 2024 12:00:00 GMT, Link: https://defence24.pl/przemysl/nowe-wydanie-niemieckiego-systemu-na-ciezarowce
2024-12-11 17:43:26,794 - INFO - Data saved to data/translated_feeds.json
2024-12-11 17:43:28,238 - INFO - HTTP Request: POST https://translate.google.com/_/TranslateWebserverUi/data/batchexecute?rpcids=MkEWBc&bl=boq_translate-webserver_20201207.13_p0&soc-app=1&soc-platform=1&soc-device=1&rt=c "HTTP/2 200 OK"
2024-12-11 17:43:28,294 - INFO - HTTP Request: POST https://translate.google.com/_/TranslateWebserverUi/data/batchexecute?rpcids=MkEWBc&bl=boq_translate-webserver_20201207.13_p0&soc-app=1&soc-platform=1&soc-device=1&rt=c "HTTP/2 200 OK"
2024-12-11 17:43:28,295 - INFO - Title: The Polish town 97% destroyed in WWII which then rose from the ashes, Published: Wed, 11 Dec 2024 16:38:36 +0000, Link: https://notesfrompoland.com/2024/12/11/the-polish-town-97-destroyed-in-wwii-which-then-rose-from-the-ashes/
2024-12-11 17:43:28,357 - INFO - HTTP Request: POST https://translate.google.com/_/TranslateWebserverUi/data/batchexecute?rpcids=MkEWBc&bl=boq_translate-webserver_20201207.13_p0&soc-app=1&soc-platform=1&soc-device=1&rt=c "HTTP/2 200 OK"
2024-12-11 17:43:28,418 - INFO - HTTP Request: POST https://translate.google.com/_/TranslateWebserverUi/data/batchexecute?rpcids=MkEWBc&bl=boq_translate-webserver_20201207.13_p0&soc-app=1&soc-platform=1&soc-device=1&rt=c "HTTP/2 200 OK"
2024-12-11 17:43:28,419 - INFO - Title: Poland to make private TV stations “strategic firms”, allowing blocking of sale to “hostile” states, Published: Wed, 11 Dec 2024 14:41:16 +0000, Link: https://notesfrompoland.com/2024/12/11/poland-names-private-tv-stations-strategic-firms-allowing-blocking-of-sale-to-hostile-countries/
2024-12-11 17:43:28,482 - INFO - HTTP Request: POST https://translate.google.com/_/TranslateWebserverUi/data/batchexecute?rpcids=MkEWBc&bl=boq_translate-webserver_20201207.13_p0&soc-app=1&soc-platform=1&soc-device=1&rt=c "HTTP/2 200 OK"
2024-12-11 17:43:28,538 - INFO - HTTP Request: POST https://translate.google.com/_/TranslateWebserverUi/data/batchexecute?rpcids=MkEWBc&bl=boq_translate-webserver_20201207.13_p0&soc-app=1&soc-platform=1&soc-device=1&rt=c "HTTP/2 200 OK"
2024-12-11 17:43:28,540 - INFO - Title: Polish state energy giant Orlen halts petrochemical plant project launched under former government, Published: Wed, 11 Dec 2024 12:10:24 +0000, Link: https://notesfrompoland.com/2024/12/11/polish-state-energy-giant-orlen-halts-petrochemical-plant-project-launched-under-former-government/
2024-12-11 17:43:28,603 - INFO - HTTP Request: POST https://translate.google.com/_/TranslateWebserverUi/data/batchexecute?rpcids=MkEWBc&bl=boq_translate-webserver_20201207.13_p0&soc-app=1&soc-platform=1&soc-device=1&rt=c "HTTP/2 200 OK"
2024-12-11 17:43:28,685 - INFO - HTTP Request: POST https://translate.google.com/_/TranslateWebserverUi/data/batchexecute?rpcids=MkEWBc&bl=boq_translate-webserver_20201207.13_p0&soc-app=1&soc-platform=1&soc-device=1&rt=c "HTTP/2 200 OK"
2024-12-11 17:43:28,695 - INFO - Title: How will Donald Trump’s election victory affect Polish politics?, Published: Tue, 10 Dec 2024 10:35:40 +0000, Link: https://notesfrompoland.com/2024/12/10/how-will-donald-trumps-election-victory-affect-polish-politics/
2024-12-11 17:43:28,757 - INFO - HTTP Request: POST https://translate.google.com/_/TranslateWebserverUi/data/batchexecute?rpcids=MkEWBc&bl=boq_translate-webserver_20201207.13_p0&soc-app=1&soc-platform=1&soc-device=1&rt=c "HTTP/2 200 OK"
2024-12-11 17:43:28,819 - INFO - HTTP Request: POST https://translate.google.com/_/TranslateWebserverUi/data/batchexecute?rpcids=MkEWBc&bl=boq_translate-webserver_20201207.13_p0&soc-app=1&soc-platform=1&soc-device=1&rt=c "HTTP/2 200 OK"
2024-12-11 17:43:28,820 - INFO - Title: Poland climbs 22 places in fertility treatment ranking after change in government, Published: Tue, 10 Dec 2024 09:52:36 +0000, Link: https://notesfrompoland.com/2024/12/10/poland-climbs-22-places-in-fertility-treatment-ranking-after-change-in-government/
2024-12-11 17:43:28,822 - INFO - Data saved to data/translated_feeds.json
2024-12-11 17:44:30,710 - INFO - RSSTranslator initialized with 2 feeds
2024-12-11 17:44:35,546 - INFO - RSSTranslator initialized with 2 feeds
2024-12-11 17:46:05,222 - INFO - RSSTranslator initialized with 2 feeds
2024-12-11 17:46:22,298 - INFO - RSSTranslator initialized with 2 feeds
2024-12-11 17:46:22,635 - INFO - HTTP Request: POST https://translate.google.com/_/TranslateWebserverUi/data/batchexecute?rpcids=MkEWBc&bl=boq_translate-webserver_20201207.13_p0&soc-app=1&soc-platform=1&soc-device=1&rt=c "HTTP/2 200 OK"
2024-12-11 17:46:22,725 - INFO - HTTP Request: POST https://translate.google.com/_/TranslateWebserverUi/data/batchexecute?rpcids=MkEWBc&bl=boq_translate-webserver_20201207.13_p0&soc-app=1&soc-platform=1&soc-device=1&rt=c "HTTP/2 200 OK"
2024-12-11 17:46:22,726 - INFO - Title: The USA will strengthen F-16 aircraft fighting in Ukraine, Published: Wed, 11 Dec 2024 15:30:02 GMT, Link: https://defence24.pl/polityka-obronna/usa-wzmocnia-samoloty-f-16-walczace-na-ukrainie
2024-12-11 17:46:22,819 - INFO - HTTP Request: POST https://translate.google.com/_/TranslateWebserverUi/data/batchexecute?rpcids=MkEWBc&bl=boq_translate-webserver_20201207.13_p0&soc-app=1&soc-platform=1&soc-device=1&rt=c "HTTP/2 200 OK"
2024-12-11 17:46:22,895 - INFO - HTTP Request: POST https://translate.google.com/_/TranslateWebserverUi/data/batchexecute?rpcids=MkEWBc&bl=boq_translate-webserver_20201207.13_p0&soc-app=1&soc-platform=1&soc-device=1&rt=c "HTTP/2 200 OK"
2024-12-11 17:46:22,896 - INFO - Title: Data fusion and border defense.Rohde & Schwarz for the army, Published: Wed, 11 Dec 2024 14:45:20 GMT, Link: https://defence24.pl/przemysl/fuzja-danych-i-obrona-granicy-rohde-schwarz-dla-wojska
2024-12-11 17:46:22,981 - INFO - HTTP Request: POST https://translate.google.com/_/TranslateWebserverUi/data/batchexecute?rpcids=MkEWBc&bl=boq_translate-webserver_20201207.13_p0&soc-app=1&soc-platform=1&soc-device=1&rt=c "HTTP/2 200 OK"
2024-12-11 17:46:23,054 - INFO - HTTP Request: POST https://translate.google.com/_/TranslateWebserverUi/data/batchexecute?rpcids=MkEWBc&bl=boq_translate-webserver_20201207.13_p0&soc-app=1&soc-platform=1&soc-device=1&rt=c "HTTP/2 200 OK"
2024-12-11 17:46:23,055 - INFO - Title: Mon will buy drones from the USA.Skyguardian for the Polish Army, Published: Wed, 11 Dec 2024 12:42:51 GMT, Link: https://defence24.pl/przemysl/mon-kupi-drony-z-usa-skyguardian-dla-wojska-polskiego
2024-12-11 17:46:23,136 - INFO - HTTP Request: POST https://translate.google.com/_/TranslateWebserverUi/data/batchexecute?rpcids=MkEWBc&bl=boq_translate-webserver_20201207.13_p0&soc-app=1&soc-platform=1&soc-device=1&rt=c "HTTP/2 200 OK"
2024-12-11 17:46:23,375 - INFO - HTTP Request: POST https://translate.google.com/_/TranslateWebserverUi/data/batchexecute?rpcids=MkEWBc&bl=boq_translate-webserver_20201207.13_p0&soc-app=1&soc-platform=1&soc-device=1&rt=c "HTTP/2 200 OK"
2024-12-11 17:46:23,376 - INFO - Title: Hungary with a mediator on Ukraine?Orban's meeting with Trump and a conversation with Putin [opinion], Published: Wed, 11 Dec 2024 12:30:01 GMT, Link: https://defence24.pl/geopolityka/wegry-mediatorem-ws-ukrainy-spotkanie-orbana-z-trumpem-i-rozmowa-z-putinem-opinia
2024-12-11 17:46:23,467 - INFO - HTTP Request: POST https://translate.google.com/_/TranslateWebserverUi/data/batchexecute?rpcids=MkEWBc&bl=boq_translate-webserver_20201207.13_p0&soc-app=1&soc-platform=1&soc-device=1&rt=c "HTTP/2 200 OK"
2024-12-11 17:46:23,528 - INFO - HTTP Request: POST https://translate.google.com/_/TranslateWebserverUi/data/batchexecute?rpcids=MkEWBc&bl=boq_translate-webserver_20201207.13_p0&soc-app=1&soc-platform=1&soc-device=1&rt=c "HTTP/2 200 OK"
2024-12-11 17:46:23,529 - INFO - Title: New edition of the German system on the truck, Published: Wed, 11 Dec 2024 12:00:00 GMT, Link: https://defence24.pl/przemysl/nowe-wydanie-niemieckiego-systemu-na-ciezarowce
2024-12-11 17:46:23,530 - INFO - Data saved to data/translated_feeds.json
2024-12-11 17:46:24,904 - INFO - HTTP Request: POST https://translate.google.com/_/TranslateWebserverUi/data/batchexecute?rpcids=MkEWBc&bl=boq_translate-webserver_20201207.13_p0&soc-app=1&soc-platform=1&soc-device=1&rt=c "HTTP/2 200 OK"
2024-12-11 17:46:24,987 - INFO - HTTP Request: POST https://translate.google.com/_/TranslateWebserverUi/data/batchexecute?rpcids=MkEWBc&bl=boq_translate-webserver_20201207.13_p0&soc-app=1&soc-platform=1&soc-device=1&rt=c "HTTP/2 200 OK"
2024-12-11 17:46:24,987 - INFO - Title: The Polish town 97% destroyed in WWII which then rose from the ashes, Published: Wed, 11 Dec 2024 16:38:36 +0000, Link: https://notesfrompoland.com/2024/12/11/the-polish-town-97-destroyed-in-wwii-which-then-rose-from-the-ashes/
2024-12-11 17:46:25,059 - INFO - HTTP Request: POST https://translate.google.com/_/TranslateWebserverUi/data/batchexecute?rpcids=MkEWBc&bl=boq_translate-webserver_20201207.13_p0&soc-app=1&soc-platform=1&soc-device=1&rt=c "HTTP/2 200 OK"
2024-12-11 17:46:25,321 - INFO - HTTP Request: POST https://translate.google.com/_/TranslateWebserverUi/data/batchexecute?rpcids=MkEWBc&bl=boq_translate-webserver_20201207.13_p0&soc-app=1&soc-platform=1&soc-device=1&rt=c "HTTP/2 200 OK"
2024-12-11 17:46:25,322 - INFO - Title: Poland to make private TV stations “strategic firms”, allowing blocking of sale to “hostile” states, Published: Wed, 11 Dec 2024 14:41:16 +0000, Link: https://notesfrompoland.com/2024/12/11/poland-names-private-tv-stations-strategic-firms-allowing-blocking-of-sale-to-hostile-countries/
2024-12-11 17:46:25,403 - INFO - HTTP Request: POST https://translate.google.com/_/TranslateWebserverUi/data/batchexecute?rpcids=MkEWBc&bl=boq_translate-webserver_20201207.13_p0&soc-app=1&soc-platform=1&soc-device=1&rt=c "HTTP/2 200 OK"
2024-12-11 17:46:25,474 - INFO - HTTP Request: POST https://translate.google.com/_/TranslateWebserverUi/data/batchexecute?rpcids=MkEWBc&bl=boq_translate-webserver_20201207.13_p0&soc-app=1&soc-platform=1&soc-device=1&rt=c "HTTP/2 200 OK"
2024-12-11 17:46:25,476 - INFO - Title: Polish state energy giant Orlen halts petrochemical plant project launched under former government, Published: Wed, 11 Dec 2024 12:10:24 +0000, Link: https://notesfrompoland.com/2024/12/11/polish-state-energy-giant-orlen-halts-petrochemical-plant-project-launched-under-former-government/
2024-12-11 17:46:25,558 - INFO - HTTP Request: POST https://translate.google.com/_/TranslateWebserverUi/data/batchexecute?rpcids=MkEWBc&bl=boq_translate-webserver_20201207.13_p0&soc-app=1&soc-platform=1&soc-device=1&rt=c "HTTP/2 200 OK"
2024-12-11 17:46:25,630 - INFO - HTTP Request: POST https://translate.google.com/_/TranslateWebserverUi/data/batchexecute?rpcids=MkEWBc&bl=boq_translate-webserver_20201207.13_p0&soc-app=1&soc-platform=1&soc-device=1&rt=c "HTTP/2 200 OK"
2024-12-11 17:46:25,632 - INFO - Title: How will Donald Trump’s election victory affect Polish politics?, Published: Tue, 10 Dec 2024 10:35:40 +0000, Link: https://notesfrompoland.com/2024/12/10/how-will-donald-trumps-election-victory-affect-polish-politics/
2024-12-11 17:46:25,838 - INFO - HTTP Request: POST https://translate.google.com/_/TranslateWebserverUi/data/batchexecute?rpcids=MkEWBc&bl=boq_translate-webserver_20201207.13_p0&soc-app=1&soc-platform=1&soc-device=1&rt=c "HTTP/2 200 OK"
2024-12-11 17:46:25,896 - INFO - HTTP Request: POST https://translate.google.com/_/TranslateWebserverUi/data/batchexecute?rpcids=MkEWBc&bl=boq_translate-webserver_20201207.13_p0&soc-app=1&soc-platform=1&soc-device=1&rt=c "HTTP/2 200 OK"
2024-12-11 17:46:25,896 - INFO - Title: Poland climbs 22 places in fertility treatment ranking after change in government, Published: Tue, 10 Dec 2024 09:52:36 +0000, Link: https://notesfrompoland.com/2024/12/10/poland-climbs-22-places-in-fertility-treatment-ranking-after-change-in-government/
2024-12-11 17:46:25,897 - INFO - Data saved to data/translated_feeds.json
2024-12-11 17:47:42,577 - INFO - RSSTranslator initialized with 2 feeds
2024-12-11 17:47:56,976 - INFO - RSSTranslator initialized with 2 feeds
