2024-12-11 18:02:04,047 - INFO - RSSTranslator initialized with 64 feeds
2024-12-11 18:02:08,746 - INFO - HTTP Request: POST https://translate.google.com/_/TranslateWebserverUi/data/batchexecute?rpcids=MkEWBc&bl=boq_translate-webserver_20201207.13_p0&soc-app=1&soc-platform=1&soc-device=1&rt=c "HTTP/2 200 OK"
2024-12-11 18:02:08,808 - INFO - HTTP Request: POST https://translate.google.com/_/TranslateWebserverUi/data/batchexecute?rpcids=MkEWBc&bl=boq_translate-webserver_20201207.13_p0&soc-app=1&soc-platform=1&soc-device=1&rt=c "HTTP/2 200 OK"
2024-12-11 18:02:08,814 - INFO - Title: European Commission approves 9.4 billion euros for Poland, Published: Wed, 11 Dec 2024 13:06:48 -0000, Link: https://www.polskieradio.pl/395/7786/Artykul/3457621,european-commission-approves-94-billion-euros-for-poland
2024-12-11 18:02:08,894 - INFO - HTTP Request: POST https://translate.google.com/_/TranslateWebserverUi/data/batchexecute?rpcids=MkEWBc&bl=boq_translate-webserver_20201207.13_p0&soc-app=1&soc-platform=1&soc-device=1&rt=c "HTTP/2 200 OK"
2024-12-11 18:02:08,953 - INFO - HTTP Request: POST https://translate.google.com/_/TranslateWebserverUi/data/batchexecute?rpcids=MkEWBc&bl=boq_translate-webserver_20201207.13_p0&soc-app=1&soc-platform=1&soc-device=1&rt=c "HTTP/2 200 OK"
2024-12-11 18:02:08,955 - INFO - Title: Poland launches second RoPax ferry as government vows to restore Baltic dominance, Published: Wed, 11 Dec 2024 12:51:48 -0000, Link: https://www.polskieradio.pl/395/7786/Artykul/3457622,poland-launches-second-ropax-ferry-as-government-vows-to-restore-baltic-dominance
2024-12-11 18:02:09,038 - INFO - HTTP Request: POST https://translate.google.com/_/TranslateWebserverUi/data/batchexecute?rpcids=MkEWBc&bl=boq_translate-webserver_20201207.13_p0&soc-app=1&soc-platform=1&soc-device=1&rt=c "HTTP/2 200 OK"
2024-12-11 18:02:09,229 - INFO - HTTP Request: POST https://translate.google.com/_/TranslateWebserverUi/data/batchexecute?rpcids=MkEWBc&bl=boq_translate-webserver_20201207.13_p0&soc-app=1&soc-platform=1&soc-device=1&rt=c "HTTP/2 200 OK"
2024-12-11 18:02:09,230 - INFO - Title: UPDATE: Polish billionaire Zygmunt Solorz denies court-imposed asset freeze, Published: Wed, 11 Dec 2024 10:39:40 -0000, Link: https://www.polskieradio.pl/395/7784/Artykul/3456815,update-polish-billionaire-zygmunt-solorz-denies-courtimposed-asset-freeze
2024-12-11 18:02:09,295 - INFO - HTTP Request: POST https://translate.google.com/_/TranslateWebserverUi/data/batchexecute?rpcids=MkEWBc&bl=boq_translate-webserver_20201207.13_p0&soc-app=1&soc-platform=1&soc-device=1&rt=c "HTTP/2 200 OK"
2024-12-11 18:02:09,365 - INFO - HTTP Request: POST https://translate.google.com/_/TranslateWebserverUi/data/batchexecute?rpcids=MkEWBc&bl=boq_translate-webserver_20201207.13_p0&soc-app=1&soc-platform=1&soc-device=1&rt=c "HTTP/2 200 OK"
2024-12-11 18:02:09,368 - INFO - Title: Polish president signs bill to freeze electricity prices, Published: Tue, 10 Dec 2024 22:25:10 -0000, Link: https://www.polskieradio.pl/395/7786/Artykul/3456717,polish-president-signs-bill-to-freeze-electricity-prices
2024-12-11 18:02:09,434 - INFO - HTTP Request: POST https://translate.google.com/_/TranslateWebserverUi/data/batchexecute?rpcids=MkEWBc&bl=boq_translate-webserver_20201207.13_p0&soc-app=1&soc-platform=1&soc-device=1&rt=c "HTTP/2 200 OK"
2024-12-11 18:02:09,490 - INFO - HTTP Request: POST https://translate.google.com/_/TranslateWebserverUi/data/batchexecute?rpcids=MkEWBc&bl=boq_translate-webserver_20201207.13_p0&soc-app=1&soc-platform=1&soc-device=1&rt=c "HTTP/2 200 OK"
2024-12-11 18:02:09,491 - INFO - Title: Zygmunt Solorz loses control of Polsat Group as court appoints curator from Liechtenstein, Published: Tue, 10 Dec 2024 15:44:48 -0000, Link: https://www.polskieradio.pl/395/7786/Artykul/3456636,zygmunt-solorz-loses-control-of-polsat-group-as-court-appoints-curator-from-liechtenstein
2024-12-11 18:02:09,492 - INFO - Data saved to data/translated_feeds.json
2024-12-11 18:02:11,251 - INFO - HTTP Request: POST https://translate.google.com/_/TranslateWebserverUi/data/batchexecute?rpcids=MkEWBc&bl=boq_translate-webserver_20201207.13_p0&soc-app=1&soc-platform=1&soc-device=1&rt=c "HTTP/2 200 OK"
2024-12-11 18:02:11,316 - INFO - HTTP Request: POST https://translate.google.com/_/TranslateWebserverUi/data/batchexecute?rpcids=MkEWBc&bl=boq_translate-webserver_20201207.13_p0&soc-app=1&soc-platform=1&soc-device=1&rt=c "HTTP/2 200 OK"
2024-12-11 18:02:11,317 - INFO - Title: Iconic Polish teen novel published in English, Published: Wed, 11 Dec 2024 11:02:59 -0000, Link: https://www.polskieradio.pl/395/7791/Artykul/3456780,iconic-polish-teen-novel-published-in-english
2024-12-11 18:02:11,373 - INFO - HTTP Request: POST https://translate.google.com/_/TranslateWebserverUi/data/batchexecute?rpcids=MkEWBc&bl=boq_translate-webserver_20201207.13_p0&soc-app=1&soc-platform=1&soc-device=1&rt=c "HTTP/2 200 OK"
2024-12-11 18:02:11,430 - INFO - HTTP Request: POST https://translate.google.com/_/TranslateWebserverUi/data/batchexecute?rpcids=MkEWBc&bl=boq_translate-webserver_20201207.13_p0&soc-app=1&soc-platform=1&soc-device=1&rt=c "HTTP/2 200 OK"
2024-12-11 18:02:11,433 - INFO - Title: Olga Tokarczuk attends 2024 Nobel Prize ceremony as special guest, Published: Wed, 11 Dec 2024 10:47:59 -0000, Link: https://www.polskieradio.pl/395/7791/Artykul/3457545,olga-tokarczuk-attends-2024-nobel-prize-ceremony-as-special-guest
2024-12-11 18:02:11,498 - INFO - HTTP Request: POST https://translate.google.com/_/TranslateWebserverUi/data/batchexecute?rpcids=MkEWBc&bl=boq_translate-webserver_20201207.13_p0&soc-app=1&soc-platform=1&soc-device=1&rt=c "HTTP/2 200 OK"
2024-12-11 18:02:11,564 - INFO - HTTP Request: POST https://translate.google.com/_/TranslateWebserverUi/data/batchexecute?rpcids=MkEWBc&bl=boq_translate-webserver_20201207.13_p0&soc-app=1&soc-platform=1&soc-device=1&rt=c "HTTP/2 200 OK"
2024-12-11 18:02:11,566 - INFO - Title: Polish tenor Piotr Beczała shines at Carnegie Hall, Published: Wed, 11 Dec 2024 00:31:13 -0000, Link: https://www.polskieradio.pl/395/7791/Artykul/3456781,polish-tenor-piotr-beczala-shines-at-carnegie-hall
2024-12-11 18:02:11,788 - INFO - HTTP Request: POST https://translate.google.com/_/TranslateWebserverUi/data/batchexecute?rpcids=MkEWBc&bl=boq_translate-webserver_20201207.13_p0&soc-app=1&soc-platform=1&soc-device=1&rt=c "HTTP/2 200 OK"
2024-12-11 18:02:11,854 - INFO - HTTP Request: POST https://translate.google.com/_/TranslateWebserverUi/data/batchexecute?rpcids=MkEWBc&bl=boq_translate-webserver_20201207.13_p0&soc-app=1&soc-platform=1&soc-device=1&rt=c "HTTP/2 200 OK"
2024-12-11 18:02:11,857 - INFO - Title: Jesse Eisenberg's film 'A Real Pain,' set in Poland, earns four Golden Globe nominations, Published: Tue, 10 Dec 2024 15:35:08 -0000, Link: https://www.polskieradio.pl/395/7791/Artykul/3456591,jesse-eisenbergs-film-a-real-pain-set-in-poland-earns-four-golden-globe-nominations
2024-12-11 18:02:11,914 - INFO - HTTP Request: POST https://translate.google.com/_/TranslateWebserverUi/data/batchexecute?rpcids=MkEWBc&bl=boq_translate-webserver_20201207.13_p0&soc-app=1&soc-platform=1&soc-device=1&rt=c "HTTP/2 200 OK"
2024-12-11 18:02:11,987 - INFO - HTTP Request: POST https://translate.google.com/_/TranslateWebserverUi/data/batchexecute?rpcids=MkEWBc&bl=boq_translate-webserver_20201207.13_p0&soc-app=1&soc-platform=1&soc-device=1&rt=c "HTTP/2 200 OK"
2024-12-11 18:02:11,988 - INFO - Title: 2025 Oscars: Polish short film 'Sunflower' screened in New York, Published: Tue, 10 Dec 2024 11:25:09 -0000, Link: https://www.polskieradio.pl/395/7791/Artykul/3456141,2025-oscars-polish-short-film-sunflower-screened-in-new-york
2024-12-11 18:02:11,989 - INFO - Data saved to data/translated_feeds.json
2024-12-11 18:02:13,718 - INFO - HTTP Request: POST https://translate.google.com/_/TranslateWebserverUi/data/batchexecute?rpcids=MkEWBc&bl=boq_translate-webserver_20201207.13_p0&soc-app=1&soc-platform=1&soc-device=1&rt=c "HTTP/2 200 OK"
2024-12-11 18:02:13,779 - INFO - HTTP Request: POST https://translate.google.com/_/TranslateWebserverUi/data/batchexecute?rpcids=MkEWBc&bl=boq_translate-webserver_20201207.13_p0&soc-app=1&soc-platform=1&soc-device=1&rt=c "HTTP/2 200 OK"
2024-12-11 18:02:13,780 - INFO - Title: Santa on the Kremlin’s naughty list? Russian activist wants Santa Claus labeled a “foreign agent”, Published: Wed, 11 Dec 2024 16:48:32 -0000, Link: https://www.polskieradio.pl/395/7785/Artykul/3457858,santa-on-the-kremlin%E2%80%99s-naughty-list-russian-activist-wants-santa-claus-labeled-a-%E2%80%9Cforeign-agent
2024-12-11 18:02:13,844 - INFO - HTTP Request: POST https://translate.google.com/_/TranslateWebserverUi/data/batchexecute?rpcids=MkEWBc&bl=boq_translate-webserver_20201207.13_p0&soc-app=1&soc-platform=1&soc-device=1&rt=c "HTTP/2 200 OK"
2024-12-11 18:02:13,912 - INFO - HTTP Request: POST https://translate.google.com/_/TranslateWebserverUi/data/batchexecute?rpcids=MkEWBc&bl=boq_translate-webserver_20201207.13_p0&soc-app=1&soc-platform=1&soc-device=1&rt=c "HTTP/2 200 OK"
2024-12-11 18:02:13,912 - INFO - Title: Polish, Estonian PMs discuss security, regional issues, Published: Wed, 11 Dec 2024 16:33:32 -0000, Link: https://www.polskieradio.pl/395/7785/Artykul/3457652,polish-estonian-pms-discuss-security-regional-issues
2024-12-11 18:02:13,972 - INFO - HTTP Request: POST https://translate.google.com/_/TranslateWebserverUi/data/batchexecute?rpcids=MkEWBc&bl=boq_translate-webserver_20201207.13_p0&soc-app=1&soc-platform=1&soc-device=1&rt=c "HTTP/2 200 OK"
2024-12-11 18:02:14,048 - INFO - HTTP Request: POST https://translate.google.com/_/TranslateWebserverUi/data/batchexecute?rpcids=MkEWBc&bl=boq_translate-webserver_20201207.13_p0&soc-app=1&soc-platform=1&soc-device=1&rt=c "HTTP/2 200 OK"
2024-12-11 18:02:14,049 - INFO - Title: Poland to send diplomatic note over destruction of WWII memorials in Russia, Published: Wed, 11 Dec 2024 09:29:24 -0000, Link: https://www.polskieradio.pl/395/7785/Artykul/3456898,poland-to-send-diplomatic-note-over-destruction-of-wwii-memorials-in-russia
2024-12-11 18:02:15,271 - INFO - HTTP Request: POST https://translate.google.com/_/TranslateWebserverUi/data/batchexecute?rpcids=MkEWBc&bl=boq_translate-webserver_20201207.13_p0&soc-app=1&soc-platform=1&soc-device=1&rt=c "HTTP/2 200 OK"
2024-12-11 18:02:15,386 - INFO - HTTP Request: POST https://translate.google.com/_/TranslateWebserverUi/data/batchexecute?rpcids=MkEWBc&bl=boq_translate-webserver_20201207.13_p0&soc-app=1&soc-platform=1&soc-device=1&rt=c "HTTP/2 200 OK"
2024-12-11 18:02:15,388 - INFO - Title: Q and A with Taoufik Chebbi, Published: Tue, 10 Dec 2024 21:42:00 -0000, Link: https://www.polskieradio.pl/395/7991/Artykul/3455139,q-and-a-with-taoufik-chebbi
2024-12-11 18:02:15,446 - INFO - HTTP Request: POST https://translate.google.com/_/TranslateWebserverUi/data/batchexecute?rpcids=MkEWBc&bl=boq_translate-webserver_20201207.13_p0&soc-app=1&soc-platform=1&soc-device=1&rt=c "HTTP/2 200 OK"
2024-12-11 18:02:15,514 - INFO - HTTP Request: POST https://translate.google.com/_/TranslateWebserverUi/data/batchexecute?rpcids=MkEWBc&bl=boq_translate-webserver_20201207.13_p0&soc-app=1&soc-platform=1&soc-device=1&rt=c "HTTP/2 200 OK"
2024-12-11 18:02:15,515 - INFO - Title: Poland to abolish Anti-Corruption Bureau, shift focus to European legal system, Published: Tue, 10 Dec 2024 16:21:17 -0000, Link: https://www.polskieradio.pl/395/7784/Artykul/3456648,poland-to-abolish-anticorruption-bureau-shift-focus-to-european-legal-system
2024-12-11 18:02:15,516 - INFO - Data saved to data/translated_feeds.json
2024-12-11 18:02:17,622 - INFO - HTTP Request: POST https://translate.google.com/_/TranslateWebserverUi/data/batchexecute?rpcids=MkEWBc&bl=boq_translate-webserver_20201207.13_p0&soc-app=1&soc-platform=1&soc-device=1&rt=c "HTTP/2 200 OK"
2024-12-11 18:02:17,681 - INFO - HTTP Request: POST https://translate.google.com/_/TranslateWebserverUi/data/batchexecute?rpcids=MkEWBc&bl=boq_translate-webserver_20201207.13_p0&soc-app=1&soc-platform=1&soc-device=1&rt=c "HTTP/2 200 OK"
2024-12-11 18:02:17,684 - INFO - Title: "Sigma" named Poland's 2024 Youth Word of the Year, Published: Wed, 11 Dec 2024 12:25:06 -0000, Link: https://www.polskieradio.pl/395/7789/Artykul/3457585,sigma-named-polands-2024-youth-word-of-the-year
2024-12-11 18:02:17,685 - INFO - Data saved to data/translated_feeds.json
2024-12-11 18:02:19,545 - INFO - HTTP Request: POST https://translate.google.com/_/TranslateWebserverUi/data/batchexecute?rpcids=MkEWBc&bl=boq_translate-webserver_20201207.13_p0&soc-app=1&soc-platform=1&soc-device=1&rt=c "HTTP/2 200 OK"
2024-12-11 18:02:19,628 - INFO - HTTP Request: POST https://translate.google.com/_/TranslateWebserverUi/data/batchexecute?rpcids=MkEWBc&bl=boq_translate-webserver_20201207.13_p0&soc-app=1&soc-platform=1&soc-device=1&rt=c "HTTP/2 200 OK"
2024-12-11 18:02:19,629 - INFO - Title: Giorgia Meloni named Europe’s most powerful person for 2025 by Politico, Published: Wed, 11 Dec 2024 14:38:21 -0000, Link: https://www.polskieradio.pl/395/7789/Artykul/3457669,giorgia-meloni-named-europe%E2%80%99s-most-powerful-person-for-2025-by-politico
2024-12-11 18:02:19,692 - INFO - HTTP Request: POST https://translate.google.com/_/TranslateWebserverUi/data/batchexecute?rpcids=MkEWBc&bl=boq_translate-webserver_20201207.13_p0&soc-app=1&soc-platform=1&soc-device=1&rt=c "HTTP/2 200 OK"
2024-12-11 18:02:19,756 - INFO - HTTP Request: POST https://translate.google.com/_/TranslateWebserverUi/data/batchexecute?rpcids=MkEWBc&bl=boq_translate-webserver_20201207.13_p0&soc-app=1&soc-platform=1&soc-device=1&rt=c "HTTP/2 200 OK"
2024-12-11 18:02:19,757 - INFO - Title: Polish PM reacts to sexual abuse case involving son of top politician, Published: Wed, 11 Dec 2024 10:42:16 -0000, Link: https://www.polskieradio.pl/395/7789/Artykul/3457074,polish-pm-reacts-to-sexual-abuse-case-involving-son-of-top-politician
2024-12-11 18:02:19,834 - INFO - HTTP Request: POST https://translate.google.com/_/TranslateWebserverUi/data/batchexecute?rpcids=MkEWBc&bl=boq_translate-webserver_20201207.13_p0&soc-app=1&soc-platform=1&soc-device=1&rt=c "HTTP/2 200 OK"
2024-12-11 18:02:19,908 - INFO - HTTP Request: POST https://translate.google.com/_/TranslateWebserverUi/data/batchexecute?rpcids=MkEWBc&bl=boq_translate-webserver_20201207.13_p0&soc-app=1&soc-platform=1&soc-device=1&rt=c "HTTP/2 200 OK"
2024-12-11 18:02:19,910 - INFO - Title: Thousands of fish die after hydropower plant malfunction in Poland, Published: Tue, 10 Dec 2024 14:58:44 -0000, Link: https://www.polskieradio.pl/395/7789/Artykul/3456604,thousands-of-fish-die-after-hydropower-plant-malfunction-in-poland
2024-12-11 18:02:20,183 - INFO - HTTP Request: POST https://translate.google.com/_/TranslateWebserverUi/data/batchexecute?rpcids=MkEWBc&bl=boq_translate-webserver_20201207.13_p0&soc-app=1&soc-platform=1&soc-device=1&rt=c "HTTP/2 200 OK"
2024-12-11 18:02:20,248 - INFO - HTTP Request: POST https://translate.google.com/_/TranslateWebserverUi/data/batchexecute?rpcids=MkEWBc&bl=boq_translate-webserver_20201207.13_p0&soc-app=1&soc-platform=1&soc-device=1&rt=c "HTTP/2 200 OK"
2024-12-11 18:02:20,248 - INFO - Title: Memorials to Polish WWII soldiers destroyed in Russia, Published: Tue, 10 Dec 2024 16:21:16 -0000, Link: https://www.polskieradio.pl/395/7789/Artykul/3456543,memorials-to-polish-wwii-soldiers-destroyed-in-russia
2024-12-11 18:02:20,250 - INFO - Data saved to data/translated_feeds.json
2024-12-11 18:02:25,018 - INFO - HTTP Request: POST https://translate.google.com/_/TranslateWebserverUi/data/batchexecute?rpcids=MkEWBc&bl=boq_translate-webserver_20201207.13_p0&soc-app=1&soc-platform=1&soc-device=1&rt=c "HTTP/2 200 OK"
2024-12-11 18:02:25,087 - INFO - HTTP Request: POST https://translate.google.com/_/TranslateWebserverUi/data/batchexecute?rpcids=MkEWBc&bl=boq_translate-webserver_20201207.13_p0&soc-app=1&soc-platform=1&soc-device=1&rt=c "HTTP/2 200 OK"
2024-12-11 18:02:25,088 - INFO - Title: Hybrid threat from Russia and Belarus.KE: Poland will receive EUR 52 million for better protection of the borders of the Union, Published: Wed, 11 Dec 2024 15:13:40 -0000, Link: https://www.pap.pl/aktualnosci/zagrozenie-hybrydowe-ze-strony-rosji-i-bialorusi-ke-polska-otrzyma-52-mln-euro-na
2024-12-11 18:02:26,107 - INFO - HTTP Request: POST https://translate.google.com/_/TranslateWebserverUi/data/batchexecute?rpcids=MkEWBc&bl=boq_translate-webserver_20201207.13_p0&soc-app=1&soc-platform=1&soc-device=1&rt=c "HTTP/2 200 OK"
2024-12-11 18:02:26,192 - INFO - HTTP Request: POST https://translate.google.com/_/TranslateWebserverUi/data/batchexecute?rpcids=MkEWBc&bl=boq_translate-webserver_20201207.13_p0&soc-app=1&soc-platform=1&soc-device=1&rt=c "HTTP/2 200 OK"
2024-12-11 18:02:26,193 - INFO - Title: Blue language disease in Poland.There is a second bonfire, Published: Wed, 11 Dec 2024 17:02:24 -0000, Link: https://www.pap.pl/aktualnosci/choroba-niebieskiego-jezyka-w-polsce-jest-drugie-ognisko
2024-12-11 18:02:26,286 - INFO - HTTP Request: POST https://translate.google.com/_/TranslateWebserverUi/data/batchexecute?rpcids=MkEWBc&bl=boq_translate-webserver_20201207.13_p0&soc-app=1&soc-platform=1&soc-device=1&rt=c "HTTP/2 200 OK"
2024-12-11 18:02:26,349 - INFO - HTTP Request: POST https://translate.google.com/_/TranslateWebserverUi/data/batchexecute?rpcids=MkEWBc&bl=boq_translate-webserver_20201207.13_p0&soc-app=1&soc-platform=1&soc-device=1&rt=c "HTTP/2 200 OK"
2024-12-11 18:02:26,350 - INFO - Title: Almost identical way of acting.Who steals a lot of cash in Piotrków Trybunalski?, Published: Wed, 11 Dec 2024 16:33:44 -0000, Link: https://www.pap.pl/aktualnosci/niemal-identyczny-sposob-dzialania-kto-kradnie-duza-gotowke-w-piotrkowie-trybunalskim
2024-12-11 18:02:26,544 - INFO - HTTP Request: POST https://translate.google.com/_/TranslateWebserverUi/data/batchexecute?rpcids=MkEWBc&bl=boq_translate-webserver_20201207.13_p0&soc-app=1&soc-platform=1&soc-device=1&rt=c "HTTP/2 200 OK"
2024-12-11 18:02:26,619 - INFO - HTTP Request: POST https://translate.google.com/_/TranslateWebserverUi/data/batchexecute?rpcids=MkEWBc&bl=boq_translate-webserver_20201207.13_p0&soc-app=1&soc-platform=1&soc-device=1&rt=c "HTTP/2 200 OK"
2024-12-11 18:02:26,620 - INFO - Title: Are Poles afraid of climate change?, Published: Wed, 11 Dec 2024 15:58:40 -0000, Link: https://www.pap.pl/aktualnosci/czy-polacy-obawiaja-sie-zmian-klimatycznych
2024-12-11 18:02:26,731 - INFO - HTTP Request: POST https://translate.google.com/_/TranslateWebserverUi/data/batchexecute?rpcids=MkEWBc&bl=boq_translate-webserver_20201207.13_p0&soc-app=1&soc-platform=1&soc-device=1&rt=c "HTTP/2 200 OK"
2024-12-11 18:02:26,806 - INFO - HTTP Request: POST https://translate.google.com/_/TranslateWebserverUi/data/batchexecute?rpcids=MkEWBc&bl=boq_translate-webserver_20201207.13_p0&soc-app=1&soc-platform=1&soc-device=1&rt=c "HTTP/2 200 OK"
2024-12-11 18:02:26,807 - INFO - Title: US ambassador to Poland: media pluralism is the foundation of democracy, Published: Wed, 11 Dec 2024 15:43:40 -0000, Link: https://www.pap.pl/aktualnosci/ambasador-usa-w-polsce-pluralizm-mediow-jest-fundamentem-demokracji
2024-12-11 18:02:26,809 - INFO - Data saved to data/translated_feeds.json
2024-12-11 18:02:28,683 - INFO - HTTP Request: POST https://translate.google.com/_/TranslateWebserverUi/data/batchexecute?rpcids=MkEWBc&bl=boq_translate-webserver_20201207.13_p0&soc-app=1&soc-platform=1&soc-device=1&rt=c "HTTP/2 200 OK"
2024-12-11 18:02:28,750 - INFO - HTTP Request: POST https://translate.google.com/_/TranslateWebserverUi/data/batchexecute?rpcids=MkEWBc&bl=boq_translate-webserver_20201207.13_p0&soc-app=1&soc-platform=1&soc-device=1&rt=c "HTTP/2 200 OK"
2024-12-11 18:02:28,751 - INFO - Title: TVN and Polsat on the list of entities subject to state protection, Published: Wed, 11 Dec 2024 14:58:31 -0000, Link: https://www.polskieradio.pl/399/7976/Artykul/3457600,tvn-i-polsat-na-liscie-podmiotow-podlegajacych-panstwowej-ochronie
2024-12-11 18:02:28,830 - INFO - HTTP Request: POST https://translate.google.com/_/TranslateWebserverUi/data/batchexecute?rpcids=MkEWBc&bl=boq_translate-webserver_20201207.13_p0&soc-app=1&soc-platform=1&soc-device=1&rt=c "HTTP/2 200 OK"
2024-12-11 18:02:28,899 - INFO - HTTP Request: POST https://translate.google.com/_/TranslateWebserverUi/data/batchexecute?rpcids=MkEWBc&bl=boq_translate-webserver_20201207.13_p0&soc-app=1&soc-platform=1&soc-device=1&rt=c "HTTP/2 200 OK"
2024-12-11 18:02:28,900 - INFO - Title: Vehicles without drivers will go to Polish roads, Published: Tue, 10 Dec 2024 09:40:21 -0000, Link: https://www.polskieradio.pl/399/7976/Artykul/3456326,pojazdy-bez-kierowcow-wyjada-na-polskie-drogi
2024-12-11 18:02:28,991 - INFO - HTTP Request: POST https://translate.google.com/_/TranslateWebserverUi/data/batchexecute?rpcids=MkEWBc&bl=boq_translate-webserver_20201207.13_p0&soc-app=1&soc-platform=1&soc-device=1&rt=c "HTTP/2 200 OK"
2024-12-11 18:02:29,067 - INFO - HTTP Request: POST https://translate.google.com/_/TranslateWebserverUi/data/batchexecute?rpcids=MkEWBc&bl=boq_translate-webserver_20201207.13_p0&soc-app=1&soc-platform=1&soc-device=1&rt=c "HTTP/2 200 OK"
2024-12-11 18:02:29,070 - INFO - Title: Christmas.This year, Poles will spend a little more than a year ago, Published: Sun, 08 Dec 2024 10:10:43 -0000, Link: https://www.polskieradio.pl/399/7976/Artykul/3455578,boze-narodzenie-w-tym-roku-polacy-wydadza-nieco-wiecej-niz-przed-rokiem
2024-12-11 18:02:30,220 - INFO - HTTP Request: POST https://translate.google.com/_/TranslateWebserverUi/data/batchexecute?rpcids=MkEWBc&bl=boq_translate-webserver_20201207.13_p0&soc-app=1&soc-platform=1&soc-device=1&rt=c "HTTP/2 200 OK"
2024-12-11 18:02:30,308 - INFO - HTTP Request: POST https://translate.google.com/_/TranslateWebserverUi/data/batchexecute?rpcids=MkEWBc&bl=boq_translate-webserver_20201207.13_p0&soc-app=1&soc-platform=1&soc-device=1&rt=c "HTTP/2 200 OK"
2024-12-11 18:02:30,309 - INFO - Title: The government opens to more atom.Searching for a location for the third power plant, Published: Tue, 03 Dec 2024 11:33:29 -0000, Link: https://www.polskieradio.pl/399/7976/Artykul/3453576,rzad-otwiera-sie-na-wiecej-atomu-poszukiwania-lokalizacji-dla-trzeciej-elektrowni
2024-12-11 18:02:31,448 - INFO - HTTP Request: POST https://translate.google.com/_/TranslateWebserverUi/data/batchexecute?rpcids=MkEWBc&bl=boq_translate-webserver_20201207.13_p0&soc-app=1&soc-platform=1&soc-device=1&rt=c "HTTP/2 200 OK"
2024-12-11 18:02:31,516 - INFO - HTTP Request: POST https://translate.google.com/_/TranslateWebserverUi/data/batchexecute?rpcids=MkEWBc&bl=boq_translate-webserver_20201207.13_p0&soc-app=1&soc-platform=1&soc-device=1&rt=c "HTTP/2 200 OK"
2024-12-11 18:02:31,518 - INFO - Title: Poles can in pizza.Two Polish pizzerias among the best in the world, Published: Mon, 02 Dec 2024 15:46:35 -0000, Link: https://www.polskieradio.pl/399/7976/Artykul/3453252,polacy-potrafia-w-pizze-dwie-polskie-pizzerie-w-gronie-najlepszych-na-swiecie
2024-12-11 18:02:31,519 - INFO - Data saved to data/translated_feeds.json
2024-12-11 18:02:33,390 - INFO - HTTP Request: POST https://translate.google.com/_/TranslateWebserverUi/data/batchexecute?rpcids=MkEWBc&bl=boq_translate-webserver_20201207.13_p0&soc-app=1&soc-platform=1&soc-device=1&rt=c "HTTP/2 200 OK"
2024-12-11 18:02:33,466 - INFO - HTTP Request: POST https://translate.google.com/_/TranslateWebserverUi/data/batchexecute?rpcids=MkEWBc&bl=boq_translate-webserver_20201207.13_p0&soc-app=1&soc-platform=1&soc-device=1&rt=c "HTTP/2 200 OK"
2024-12-11 18:02:33,469 - INFO - Title: The flight will fly to Iceland.First cruises to the land of ice and fire - already in the spring, Published: Wed, 11 Dec 2024 16:33:37 -0000, Link: https://www.polskieradio.pl/399/7977/Artykul/3457860,lot-poleci-do-islandii-pierwsze-rejsy-do-krainy-lodu-i-ognia-juz-na-wiosne
2024-12-11 18:02:33,554 - INFO - HTTP Request: POST https://translate.google.com/_/TranslateWebserverUi/data/batchexecute?rpcids=MkEWBc&bl=boq_translate-webserver_20201207.13_p0&soc-app=1&soc-platform=1&soc-device=1&rt=c "HTTP/2 200 OK"
2024-12-11 18:02:33,621 - INFO - HTTP Request: POST https://translate.google.com/_/TranslateWebserverUi/data/batchexecute?rpcids=MkEWBc&bl=boq_translate-webserver_20201207.13_p0&soc-app=1&soc-platform=1&soc-device=1&rt=c "HTTP/2 200 OK"
2024-12-11 18:02:33,622 - INFO - Title: Holidays in warm countries.Poles choose Egypt, Turkey and Malta for Christmas, Published: Wed, 11 Dec 2024 12:25:06 -0000, Link: https://www.polskieradio.pl/399/7977/Artykul/3457569,swieta-w-cieplych-krajach-polacy-wybieraja-egipt-turcje-i-malte-na-boze-narodzenie
2024-12-11 18:02:35,160 - INFO - HTTP Request: POST https://translate.google.com/_/TranslateWebserverUi/data/batchexecute?rpcids=MkEWBc&bl=boq_translate-webserver_20201207.13_p0&soc-app=1&soc-platform=1&soc-device=1&rt=c "HTTP/2 200 OK"
2024-12-11 18:02:35,230 - INFO - HTTP Request: POST https://translate.google.com/_/TranslateWebserverUi/data/batchexecute?rpcids=MkEWBc&bl=boq_translate-webserver_20201207.13_p0&soc-app=1&soc-platform=1&soc-device=1&rt=c "HTTP/2 200 OK"
2024-12-11 18:02:35,231 - INFO - Title: Vilnius: The three largest universities signed a letter of intent with the Polish community in Lithuania, Published: Wed, 11 Dec 2024 10:52:52 -0000, Link: https://www.polskieradio.pl/399/7977/Artykul/3457056,wilno-trzy-najwieksze-podlaskie-uczelnie-podpisaly-list-intencyjny-z-polska-spolecznoscia-na-litwie
2024-12-11 18:02:36,334 - INFO - HTTP Request: POST https://translate.google.com/_/TranslateWebserverUi/data/batchexecute?rpcids=MkEWBc&bl=boq_translate-webserver_20201207.13_p0&soc-app=1&soc-platform=1&soc-device=1&rt=c "HTTP/2 200 OK"
2024-12-11 18:02:36,400 - INFO - HTTP Request: POST https://translate.google.com/_/TranslateWebserverUi/data/batchexecute?rpcids=MkEWBc&bl=boq_translate-webserver_20201207.13_p0&soc-app=1&soc-platform=1&soc-device=1&rt=c "HTTP/2 200 OK"
2024-12-11 18:02:36,404 - INFO - Title: Firefighters and a local community from Podlasie in the help of Poles in Kresy, Published: Tue, 10 Dec 2024 20:30:21 -0000, Link: https://www.polskieradio.pl/399/7977/Artykul/3456646,strazacy-i-lokalna-spolecznosc-z-podlasia-w-akcji-pomocy-polakom-na-kresach
2024-12-11 18:02:36,509 - INFO - HTTP Request: POST https://translate.google.com/_/TranslateWebserverUi/data/batchexecute?rpcids=MkEWBc&bl=boq_translate-webserver_20201207.13_p0&soc-app=1&soc-platform=1&soc-device=1&rt=c "HTTP/2 200 OK"
2024-12-11 18:02:36,802 - INFO - HTTP Request: POST https://translate.google.com/_/TranslateWebserverUi/data/batchexecute?rpcids=MkEWBc&bl=boq_translate-webserver_20201207.13_p0&soc-app=1&soc-platform=1&soc-device=1&rt=c "HTTP/2 200 OK"
2024-12-11 18:02:36,803 - INFO - Title: Devastation of memorial sites of Home Army soldiers in Russia.Poland is demanding explanations from Moscow, Published: Tue, 10 Dec 2024 15:35:08 -0000, Link: https://www.polskieradio.pl/399/7977/Artykul/3456621,dewastacja-miejsc-pamieci-zolnierzy-ak-w-rosji-polska-domaga-sie-wyjasnien-od-moskwy
2024-12-11 18:02:36,805 - INFO - Data saved to data/translated_feeds.json
2024-12-11 18:02:39,049 - INFO - HTTP Request: POST https://translate.google.com/_/TranslateWebserverUi/data/batchexecute?rpcids=MkEWBc&bl=boq_translate-webserver_20201207.13_p0&soc-app=1&soc-platform=1&soc-device=1&rt=c "HTTP/2 200 OK"
2024-12-11 18:02:39,121 - INFO - HTTP Request: POST https://translate.google.com/_/TranslateWebserverUi/data/batchexecute?rpcids=MkEWBc&bl=boq_translate-webserver_20201207.13_p0&soc-app=1&soc-platform=1&soc-device=1&rt=c "HTTP/2 200 OK"
2024-12-11 18:02:39,122 - INFO - Title: Preparations for the Polish Presidency in the Council of the European Union, Published: Sun, 08 Dec 2024 00:00:00 -0000, Link: https://www.polskieradio.pl/399/8097/Artykul/3455682,przygotowania-do-prezydencji-polski-w-radzie-unii-europejskiej
2024-12-11 18:02:39,209 - INFO - HTTP Request: POST https://translate.google.com/_/TranslateWebserverUi/data/batchexecute?rpcids=MkEWBc&bl=boq_translate-webserver_20201207.13_p0&soc-app=1&soc-platform=1&soc-device=1&rt=c "HTTP/2 200 OK"
2024-12-11 18:02:39,285 - INFO - HTTP Request: POST https://translate.google.com/_/TranslateWebserverUi/data/batchexecute?rpcids=MkEWBc&bl=boq_translate-webserver_20201207.13_p0&soc-app=1&soc-platform=1&soc-device=1&rt=c "HTTP/2 200 OK"
2024-12-11 18:02:39,288 - INFO - Title: Ukraine will not block the exhumation of the victims of the Volyn slaughter.Historical agreement, Published: Sat, 30 Nov 2024 00:00:00 -0000, Link: https://www.polskieradio.pl/399/8097/Artykul/3452659,ukraina-nie-bedzie-blokowala-ekshumacji-ofiar-rzezi-wolynskiej-historyczne-porozumienie
2024-12-11 18:02:39,374 - INFO - HTTP Request: POST https://translate.google.com/_/TranslateWebserverUi/data/batchexecute?rpcids=MkEWBc&bl=boq_translate-webserver_20201207.13_p0&soc-app=1&soc-platform=1&soc-device=1&rt=c "HTTP/2 200 OK"
2024-12-11 18:02:39,442 - INFO - HTTP Request: POST https://translate.google.com/_/TranslateWebserverUi/data/batchexecute?rpcids=MkEWBc&bl=boq_translate-webserver_20201207.13_p0&soc-app=1&soc-platform=1&soc-device=1&rt=c "HTTP/2 200 OK"
2024-12-11 18:02:39,450 - INFO - Title: "Ukraine has the right to defend itself as a victim of aggression."The US allows Ukraine to offend the ATACMS shells in Russia, Published: Sat, 23 Nov 2024 00:00:00 -0000, Link: https://www.polskieradio.pl/399/8097/Artykul/3449935,ukraina-jako-ofiara-agresji-ma-prawo-sie-bronic-usa-pozwalaja-ukrainie-razic-pociskami-atacms-cele-w-rosji
2024-12-11 18:02:40,045 - INFO - HTTP Request: POST https://translate.google.com/_/TranslateWebserverUi/data/batchexecute?rpcids=MkEWBc&bl=boq_translate-webserver_20201207.13_p0&soc-app=1&soc-platform=1&soc-device=1&rt=c "HTTP/2 200 OK"
2024-12-11 18:02:40,114 - INFO - HTTP Request: POST https://translate.google.com/_/TranslateWebserverUi/data/batchexecute?rpcids=MkEWBc&bl=boq_translate-webserver_20201207.13_p0&soc-app=1&soc-platform=1&soc-device=1&rt=c "HTTP/2 200 OK"
2024-12-11 18:02:40,116 - INFO - Title: "Geostrategic consistency of the US".The American missile base has been opened in Redzikowo, Published: Sun, 17 Nov 2024 00:00:00 -0000, Link: https://www.polskieradio.pl/399/8097/Artykul/3447414,geostrategiczna-konsekwencja-usa-w-redzikowie-zostala-otwarta-amerykanska-baza-przeciwrakietowa
2024-12-11 18:02:41,109 - INFO - HTTP Request: POST https://translate.google.com/_/TranslateWebserverUi/data/batchexecute?rpcids=MkEWBc&bl=boq_translate-webserver_20201207.13_p0&soc-app=1&soc-platform=1&soc-device=1&rt=c "HTTP/2 200 OK"
2024-12-11 18:02:41,177 - INFO - HTTP Request: POST https://translate.google.com/_/TranslateWebserverUi/data/batchexecute?rpcids=MkEWBc&bl=boq_translate-webserver_20201207.13_p0&soc-app=1&soc-platform=1&soc-device=1&rt=c "HTTP/2 200 OK"
2024-12-11 18:02:41,178 - INFO - Title: A great return to the White House.Donald Trump winner of the presidential election in the United States, Published: Fri, 08 Nov 2024 00:00:00 -0000, Link: https://www.polskieradio.pl/399/8097/Artykul/3444611,wielki-powrot-do-bialego-domu-donald-trump-zwyciezca-wyborow-prezydenckich-w-stanach-zjednoczonych
2024-12-11 18:02:41,179 - INFO - Data saved to data/translated_feeds.json
2024-12-11 18:02:50,266 - INFO - HTTP Request: POST https://translate.google.com/_/TranslateWebserverUi/data/batchexecute?rpcids=MkEWBc&bl=boq_translate-webserver_20201207.13_p0&soc-app=1&soc-platform=1&soc-device=1&rt=c "HTTP/2 200 OK"
2024-12-11 18:02:50,329 - INFO - HTTP Request: POST https://translate.google.com/_/TranslateWebserverUi/data/batchexecute?rpcids=MkEWBc&bl=boq_translate-webserver_20201207.13_p0&soc-app=1&soc-platform=1&soc-device=1&rt=c "HTTP/2 200 OK"
2024-12-11 18:02:50,330 - INFO - Title: Two Polish private broadcasters to be placed under gov't protection, Published: Wed, 11 Dec 2024 16:09:21 -0000, Link: https://www.pap.pl/en/news/two-polish-private-broadcasters-be-placed-under-govt-protection
2024-12-11 18:02:50,333 - INFO - Data saved to data/translated_feeds.json
2024-12-11 18:02:56,136 - INFO - HTTP Request: POST https://translate.google.com/_/TranslateWebserverUi/data/batchexecute?rpcids=MkEWBc&bl=boq_translate-webserver_20201207.13_p0&soc-app=1&soc-platform=1&soc-device=1&rt=c "HTTP/2 200 OK"
2024-12-11 18:02:56,203 - INFO - HTTP Request: POST https://translate.google.com/_/TranslateWebserverUi/data/batchexecute?rpcids=MkEWBc&bl=boq_translate-webserver_20201207.13_p0&soc-app=1&soc-platform=1&soc-device=1&rt=c "HTTP/2 200 OK"
2024-12-11 18:02:56,205 - INFO - Title: Poland's Duda may meet with US president-elect, Published: Thu, 21 Nov 2024 16:51:33 -0000, Link: https://www.pap.pl/en/news/polands-duda-may-meet-us-president-elect
2024-12-11 18:02:56,269 - INFO - HTTP Request: POST https://translate.google.com/_/TranslateWebserverUi/data/batchexecute?rpcids=MkEWBc&bl=boq_translate-webserver_20201207.13_p0&soc-app=1&soc-platform=1&soc-device=1&rt=c "HTTP/2 200 OK"
2024-12-11 18:02:56,340 - INFO - HTTP Request: POST https://translate.google.com/_/TranslateWebserverUi/data/batchexecute?rpcids=MkEWBc&bl=boq_translate-webserver_20201207.13_p0&soc-app=1&soc-platform=1&soc-device=1&rt=c "HTTP/2 200 OK"
2024-12-11 18:02:56,342 - INFO - Title: Poland, France, Germany state concerns on elections in Georgia, Published: Tue, 12 Nov 2024 16:16:38 -0000, Link: https://www.pap.pl/en/news/poland-france-germany-state-concerns-elections-georgia
2024-12-11 18:02:56,442 - INFO - HTTP Request: POST https://translate.google.com/_/TranslateWebserverUi/data/batchexecute?rpcids=MkEWBc&bl=boq_translate-webserver_20201207.13_p0&soc-app=1&soc-platform=1&soc-device=1&rt=c "HTTP/2 200 OK"
2024-12-11 18:02:56,507 - INFO - HTTP Request: POST https://translate.google.com/_/TranslateWebserverUi/data/batchexecute?rpcids=MkEWBc&bl=boq_translate-webserver_20201207.13_p0&soc-app=1&soc-platform=1&soc-device=1&rt=c "HTTP/2 200 OK"
2024-12-11 18:02:56,509 - INFO - Title: Poland congratulates Moldovan president on re-election, Published: Thu, 07 Nov 2024 18:31:24 -0000, Link: https://www.pap.pl/en/news/poland-congratulates-moldovan-president-re-election
2024-12-11 18:02:56,569 - INFO - HTTP Request: POST https://translate.google.com/_/TranslateWebserverUi/data/batchexecute?rpcids=MkEWBc&bl=boq_translate-webserver_20201207.13_p0&soc-app=1&soc-platform=1&soc-device=1&rt=c "HTTP/2 200 OK"
2024-12-11 18:02:56,653 - INFO - HTTP Request: POST https://translate.google.com/_/TranslateWebserverUi/data/batchexecute?rpcids=MkEWBc&bl=boq_translate-webserver_20201207.13_p0&soc-app=1&soc-platform=1&soc-device=1&rt=c "HTTP/2 200 OK"
2024-12-11 18:02:56,654 - INFO - Title: Ukraine appoints new ambassador to Poland, Published: Tue, 05 Nov 2024 00:39:12 -0000, Link: https://www.pap.pl/en/news/ukraine-appoints-new-ambassador-poland
2024-12-11 18:02:56,722 - INFO - HTTP Request: POST https://translate.google.com/_/TranslateWebserverUi/data/batchexecute?rpcids=MkEWBc&bl=boq_translate-webserver_20201207.13_p0&soc-app=1&soc-platform=1&soc-device=1&rt=c "HTTP/2 200 OK"
2024-12-11 18:02:56,810 - INFO - HTTP Request: POST https://translate.google.com/_/TranslateWebserverUi/data/batchexecute?rpcids=MkEWBc&bl=boq_translate-webserver_20201207.13_p0&soc-app=1&soc-platform=1&soc-device=1&rt=c "HTTP/2 200 OK"
2024-12-11 18:02:56,814 - INFO - Title: Poland’s foreign ministry rebukes limits on UN relief group's work in Gaza, Published: Thu, 31 Oct 2024 19:01:44 -0000, Link: https://www.pap.pl/en/news/polands-foreign-ministry-rebukes-limits-un-relief-groups-work-gaza
2024-12-11 18:02:56,818 - INFO - Data saved to data/translated_feeds.json
2024-12-11 18:03:02,923 - INFO - HTTP Request: POST https://translate.google.com/_/TranslateWebserverUi/data/batchexecute?rpcids=MkEWBc&bl=boq_translate-webserver_20201207.13_p0&soc-app=1&soc-platform=1&soc-device=1&rt=c "HTTP/2 200 OK"
2024-12-11 18:03:03,055 - INFO - HTTP Request: POST https://translate.google.com/_/TranslateWebserverUi/data/batchexecute?rpcids=MkEWBc&bl=boq_translate-webserver_20201207.13_p0&soc-app=1&soc-platform=1&soc-device=1&rt=c "HTTP/2 200 OK"
2024-12-11 18:03:03,060 - INFO - Title: Russia issues warnings on US missile base in Poland, Published: Thu, 21 Nov 2024 15:38:23 -0000, Link: https://www.pap.pl/en/news/russia-issues-warnings-us-missile-base-poland
2024-12-11 18:03:03,063 - INFO - Data saved to data/translated_feeds.json
2024-12-11 18:03:05,479 - INFO - HTTP Request: POST https://translate.google.com/_/TranslateWebserverUi/data/batchexecute?rpcids=MkEWBc&bl=boq_translate-webserver_20201207.13_p0&soc-app=1&soc-platform=1&soc-device=1&rt=c "HTTP/2 200 OK"
2024-12-11 18:03:06,765 - INFO - HTTP Request: POST https://translate.google.com/_/TranslateWebserverUi/data/batchexecute?rpcids=MkEWBc&bl=boq_translate-webserver_20201207.13_p0&soc-app=1&soc-platform=1&soc-device=1&rt=c "HTTP/2 200 OK"
2024-12-11 18:03:06,770 - INFO - Title: The TiTKOK ban in the USA.The Court of Appeal ruled in the case, Published: Wed, 11 Dec 2024 15:47:56 GMT, Link: https://cyberdefence24.pl/polityka-i-prawo/zakaz-tiktoka-w-usa-sad-apelacyjny-orzekl-w-sprawie
2024-12-11 18:03:06,862 - INFO - HTTP Request: POST https://translate.google.com/_/TranslateWebserverUi/data/batchexecute?rpcids=MkEWBc&bl=boq_translate-webserver_20201207.13_p0&soc-app=1&soc-platform=1&soc-device=1&rt=c "HTTP/2 200 OK"
2024-12-11 18:03:07,578 - INFO - HTTP Request: POST https://translate.google.com/_/TranslateWebserverUi/data/batchexecute?rpcids=MkEWBc&bl=boq_translate-webserver_20201207.13_p0&soc-app=1&soc-platform=1&soc-device=1&rt=c "HTTP/2 200 OK"
2024-12-11 18:03:07,581 - INFO - Title: TVN and Polsat on the list of strategic companies.Gawkowski: "No tolerance for disinformation", Published: Wed, 11 Dec 2024 14:48:17 GMT, Link: https://cyberdefence24.pl/polityka-i-prawo/tvn-i-polsat-na-liscie-spolek-strategicznych-gawkowski-zadnej-tolerancji-dla-dezinformacji
2024-12-11 18:03:07,715 - INFO - HTTP Request: POST https://translate.google.com/_/TranslateWebserverUi/data/batchexecute?rpcids=MkEWBc&bl=boq_translate-webserver_20201207.13_p0&soc-app=1&soc-platform=1&soc-device=1&rt=c "HTTP/2 200 OK"
2024-12-11 18:03:07,779 - INFO - HTTP Request: POST https://translate.google.com/_/TranslateWebserverUi/data/batchexecute?rpcids=MkEWBc&bl=boq_translate-webserver_20201207.13_p0&soc-app=1&soc-platform=1&soc-device=1&rt=c "HTTP/2 200 OK"
2024-12-11 18:03:07,781 - INFO - Title: International Operation "Poweroff".Police in the fight against DDOS attacks, Published: Wed, 11 Dec 2024 13:28:08 GMT, Link: https://cyberdefence24.pl/armia-i-sluzby/miedzynarodowa-operacja-poweroff-policja-w-walce-z-atakami-ddos
2024-12-11 18:03:08,283 - INFO - HTTP Request: POST https://translate.google.com/_/TranslateWebserverUi/data/batchexecute?rpcids=MkEWBc&bl=boq_translate-webserver_20201207.13_p0&soc-app=1&soc-platform=1&soc-device=1&rt=c "HTTP/2 200 OK"
2024-12-11 18:03:09,552 - INFO - HTTP Request: POST https://translate.google.com/_/TranslateWebserverUi/data/batchexecute?rpcids=MkEWBc&bl=boq_translate-webserver_20201207.13_p0&soc-app=1&soc-platform=1&soc-device=1&rt=c "HTTP/2 200 OK"
2024-12-11 18:03:09,556 - INFO - Title: The final of the consultation of the Polish digitization strategy, Published: Wed, 11 Dec 2024 12:19:55 GMT, Link: https://cyberdefence24.pl/polityka-i-prawo/final-konsultacji-strategii-cyfryzacji-polski
2024-12-11 18:03:09,669 - INFO - HTTP Request: POST https://translate.google.com/_/TranslateWebserverUi/data/batchexecute?rpcids=MkEWBc&bl=boq_translate-webserver_20201207.13_p0&soc-app=1&soc-platform=1&soc-device=1&rt=c "HTTP/2 200 OK"
2024-12-11 18:03:09,740 - INFO - HTTP Request: POST https://translate.google.com/_/TranslateWebserverUi/data/batchexecute?rpcids=MkEWBc&bl=boq_translate-webserver_20201207.13_p0&soc-app=1&soc-platform=1&soc-device=1&rt=c "HTTP/2 200 OK"
2024-12-11 18:03:09,742 - INFO - Title: Prime Minister Estonia in Kiev.A declaration was made, Published: Wed, 11 Dec 2024 10:07:46 GMT, Link: https://cyberdefence24.pl/polityka-i-prawo/premier-estonii-w-kijowie-padla-deklaracja
2024-12-11 18:03:09,744 - INFO - Data saved to data/translated_feeds.json
2024-12-11 18:03:12,314 - INFO - HTTP Request: POST https://translate.google.com/_/TranslateWebserverUi/data/batchexecute?rpcids=MkEWBc&bl=boq_translate-webserver_20201207.13_p0&soc-app=1&soc-platform=1&soc-device=1&rt=c "HTTP/2 200 OK"
2024-12-11 18:03:12,386 - INFO - HTTP Request: POST https://translate.google.com/_/TranslateWebserverUi/data/batchexecute?rpcids=MkEWBc&bl=boq_translate-webserver_20201207.13_p0&soc-app=1&soc-platform=1&soc-device=1&rt=c "HTTP/2 200 OK"
2024-12-11 18:03:12,387 - INFO - Title: Polish Minister of Defence: New Loan from the USA for Poland, Published: Wed, 11 Dec 2024 15:10:35 GMT, Link: https://defence24.com/defence-policy/polish-minister-of-defence-new-loan-from-the-usa-for-poland
2024-12-11 18:03:12,615 - INFO - HTTP Request: POST https://translate.google.com/_/TranslateWebserverUi/data/batchexecute?rpcids=MkEWBc&bl=boq_translate-webserver_20201207.13_p0&soc-app=1&soc-platform=1&soc-device=1&rt=c "HTTP/2 200 OK"
2024-12-11 18:03:12,689 - INFO - HTTP Request: POST https://translate.google.com/_/TranslateWebserverUi/data/batchexecute?rpcids=MkEWBc&bl=boq_translate-webserver_20201207.13_p0&soc-app=1&soc-platform=1&soc-device=1&rt=c "HTTP/2 200 OK"
2024-12-11 18:03:12,691 - INFO - Title: Bejda: We Must Keep Up the Tempo. Borsuk IFV Procurement By Year's End [INTERVIEW], Published: Wed, 11 Dec 2024 15:09:28 GMT, Link: https://defence24.com/defence-policy/bejda-we-must-keep-up-the-tempo-borsuk-ifv-procurement-by-years-end-interview
2024-12-11 18:03:12,752 - INFO - HTTP Request: POST https://translate.google.com/_/TranslateWebserverUi/data/batchexecute?rpcids=MkEWBc&bl=boq_translate-webserver_20201207.13_p0&soc-app=1&soc-platform=1&soc-device=1&rt=c "HTTP/2 200 OK"
2024-12-11 18:03:12,813 - INFO - HTTP Request: POST https://translate.google.com/_/TranslateWebserverUi/data/batchexecute?rpcids=MkEWBc&bl=boq_translate-webserver_20201207.13_p0&soc-app=1&soc-platform=1&soc-device=1&rt=c "HTTP/2 200 OK"
2024-12-11 18:03:12,814 - INFO - Title: The War for the Sahel [REPORT], Published: Mon, 09 Dec 2024 12:26:12 GMT, Link: https://defence24.com/geopolitics/the-war-for-the-sahel-report
2024-12-11 18:03:12,919 - INFO - HTTP Request: POST https://translate.google.com/_/TranslateWebserverUi/data/batchexecute?rpcids=MkEWBc&bl=boq_translate-webserver_20201207.13_p0&soc-app=1&soc-platform=1&soc-device=1&rt=c "HTTP/2 200 OK"
2024-12-11 18:03:12,977 - INFO - HTTP Request: POST https://translate.google.com/_/TranslateWebserverUi/data/batchexecute?rpcids=MkEWBc&bl=boq_translate-webserver_20201207.13_p0&soc-app=1&soc-platform=1&soc-device=1&rt=c "HTTP/2 200 OK"
2024-12-11 18:03:12,978 - INFO - Title: Launches in Ustka test lobster-k system, Published: Mon, 09 Dec 2024 08:55:28 GMT, Link: https://defence24.com/armed-forces/homar-k-system-test-launches-in-ustka
2024-12-11 18:03:13,040 - INFO - HTTP Request: POST https://translate.google.com/_/TranslateWebserverUi/data/batchexecute?rpcids=MkEWBc&bl=boq_translate-webserver_20201207.13_p0&soc-app=1&soc-platform=1&soc-device=1&rt=c "HTTP/2 200 OK"
2024-12-11 18:03:13,106 - INFO - HTTP Request: POST https://translate.google.com/_/TranslateWebserverUi/data/batchexecute?rpcids=MkEWBc&bl=boq_translate-webserver_20201207.13_p0&soc-app=1&soc-platform=1&soc-device=1&rt=c "HTTP/2 200 OK"
2024-12-11 18:03:13,123 - INFO - Title: East Front News #23: France's Military Shift in Africa, South Korea Secures Arms Deliveries to Poland, Published: Fri, 06 Dec 2024 10:08:35 GMT, Link: https://defence24.com/armed-forces/east-front-news-23-frances-military-shift-in-africa-south-korea-secures-arms-deliveries-to-poland
2024-12-11 18:03:13,126 - INFO - Data saved to data/translated_feeds.json
2024-12-11 18:03:14,446 - INFO - HTTP Request: POST https://translate.google.com/_/TranslateWebserverUi/data/batchexecute?rpcids=MkEWBc&bl=boq_translate-webserver_20201207.13_p0&soc-app=1&soc-platform=1&soc-device=1&rt=c "HTTP/2 200 OK"
2024-12-11 18:03:14,662 - INFO - HTTP Request: POST https://translate.google.com/_/TranslateWebserverUi/data/batchexecute?rpcids=MkEWBc&bl=boq_translate-webserver_20201207.13_p0&soc-app=1&soc-platform=1&soc-device=1&rt=c "HTTP/2 200 OK"
2024-12-11 18:03:14,665 - INFO - Title: Did the Polish services try to recruit the Belarusian diplomat?, Published: Wed, 11 Dec 2024 14:50:11 GMT, Link: https://infosecurity24.pl/za-granica/czy-polskie-sluzby-probowaly-zwerbowac-bialoruskiego-dyplomate
2024-12-11 18:03:15,174 - INFO - HTTP Request: POST https://translate.google.com/_/TranslateWebserverUi/data/batchexecute?rpcids=MkEWBc&bl=boq_translate-webserver_20201207.13_p0&soc-app=1&soc-platform=1&soc-device=1&rt=c "HTTP/2 200 OK"
2024-12-11 18:03:15,255 - INFO - HTTP Request: POST https://translate.google.com/_/TranslateWebserverUi/data/batchexecute?rpcids=MkEWBc&bl=boq_translate-webserver_20201207.13_p0&soc-app=1&soc-platform=1&soc-device=1&rt=c "HTTP/2 200 OK"
2024-12-11 18:03:15,257 - INFO - Title: World through the eyes of the head of Russian intelligence, Published: Wed, 11 Dec 2024 10:05:19 GMT, Link: https://infosecurity24.pl/za-granica/swiat-oczami-szefa-rosyjskiego-wywiadu
2024-12-11 18:03:16,298 - INFO - HTTP Request: POST https://translate.google.com/_/TranslateWebserverUi/data/batchexecute?rpcids=MkEWBc&bl=boq_translate-webserver_20201207.13_p0&soc-app=1&soc-platform=1&soc-device=1&rt=c "HTTP/2 200 OK"
2024-12-11 18:03:16,362 - INFO - HTTP Request: POST https://translate.google.com/_/TranslateWebserverUi/data/batchexecute?rpcids=MkEWBc&bl=boq_translate-webserver_20201207.13_p0&soc-app=1&soc-platform=1&soc-device=1&rt=c "HTTP/2 200 OK"
2024-12-11 18:03:16,363 - INFO - Title: Policemen write to the prime minister."Please do not miss the opportunity to be remembered", Published: Wed, 11 Dec 2024 09:38:19 GMT, Link: https://infosecurity24.pl/sluzby-mundurowe/policja/policjanci-pisza-do-premiera-prosze-nie-przegapic-okazji-do-bycia-zapamietanym
2024-12-11 18:03:17,630 - INFO - HTTP Request: POST https://translate.google.com/_/TranslateWebserverUi/data/batchexecute?rpcids=MkEWBc&bl=boq_translate-webserver_20201207.13_p0&soc-app=1&soc-platform=1&soc-device=1&rt=c "HTTP/2 200 OK"
2024-12-11 18:03:17,695 - INFO - HTTP Request: POST https://translate.google.com/_/TranslateWebserverUi/data/batchexecute?rpcids=MkEWBc&bl=boq_translate-webserver_20201207.13_p0&soc-app=1&soc-platform=1&soc-device=1&rt=c "HTTP/2 200 OK"
2024-12-11 18:03:17,696 - INFO - Title: The government "for" the liquidation of the CBA, Published: Tue, 10 Dec 2024 14:16:38 GMT, Link: https://infosecurity24.pl/sluzby-specjalne/centralne-biuro-antykorupcyjne/rzad-za-likwidacja-cba
2024-12-11 18:03:18,962 - INFO - HTTP Request: POST https://translate.google.com/_/TranslateWebserverUi/data/batchexecute?rpcids=MkEWBc&bl=boq_translate-webserver_20201207.13_p0&soc-app=1&soc-platform=1&soc-device=1&rt=c "HTTP/2 200 OK"
2024-12-11 18:03:20,117 - INFO - HTTP Request: POST https://translate.google.com/_/TranslateWebserverUi/data/batchexecute?rpcids=MkEWBc&bl=boq_translate-webserver_20201207.13_p0&soc-app=1&soc-platform=1&soc-device=1&rt=c "HTTP/2 200 OK"
2024-12-11 18:03:20,119 - INFO - Title: An accident at the shooting range.The police ball hit a random person, Published: Tue, 10 Dec 2024 12:17:06 GMT, Link: https://infosecurity24.pl/sluzby-mundurowe/policja/wypadek-na-strzelnicy-policyjna-kula-trafila-przypadkowa-osobe
2024-12-11 18:03:20,121 - INFO - Data saved to data/translated_feeds.json
2024-12-11 18:03:27,870 - INFO - HTTP Request: POST https://translate.google.com/_/TranslateWebserverUi/data/batchexecute?rpcids=MkEWBc&bl=boq_translate-webserver_20201207.13_p0&soc-app=1&soc-platform=1&soc-device=1&rt=c "HTTP/2 200 OK"
2024-12-11 18:03:27,943 - INFO - HTTP Request: POST https://translate.google.com/_/TranslateWebserverUi/data/batchexecute?rpcids=MkEWBc&bl=boq_translate-webserver_20201207.13_p0&soc-app=1&soc-platform=1&soc-device=1&rt=c "HTTP/2 200 OK"
2024-12-11 18:03:27,945 - INFO - Title: Hołownia on the year of the current coalition: We have no reason to celebrate, Published: Wed, 11 Dec 2024 16:48:26 -0000, Link: https://www.pap.pl/aktualnosci/holownia-o-roku-rzadow-obecnej-koalicji-nie-mamy-powodu-do-swietowania
2024-12-11 18:03:27,948 - INFO - Data saved to data/translated_feeds.json
2024-12-11 18:03:35,124 - INFO - RSSTranslator initialized with 64 feeds
2024-12-11 18:04:00,130 - INFO - HTTP Request: POST https://translate.google.com/_/TranslateWebserverUi/data/batchexecute?rpcids=MkEWBc&bl=boq_translate-webserver_20201207.13_p0&soc-app=1&soc-platform=1&soc-device=1&rt=c "HTTP/2 200 OK"
2024-12-11 18:04:00,195 - INFO - HTTP Request: POST https://translate.google.com/_/TranslateWebserverUi/data/batchexecute?rpcids=MkEWBc&bl=boq_translate-webserver_20201207.13_p0&soc-app=1&soc-platform=1&soc-device=1&rt=c "HTTP/2 200 OK"
2024-12-11 18:04:00,201 - INFO - Title: Conference on HNS, Published: Mon, 09 Dec 2024 16:04:47 -0000, Link: https://www.wojsko-polskie.pl/sgwp/articles/aktualnosci-w/konferencja-na-temat-hns/
2024-12-11 18:04:00,536 - INFO - HTTP Request: POST https://translate.google.com/_/TranslateWebserverUi/data/batchexecute?rpcids=MkEWBc&bl=boq_translate-webserver_20201207.13_p0&soc-app=1&soc-platform=1&soc-device=1&rt=c "HTTP/2 200 OK"
2024-12-11 18:04:00,617 - INFO - HTTP Request: POST https://translate.google.com/_/TranslateWebserverUi/data/batchexecute?rpcids=MkEWBc&bl=boq_translate-webserver_20201207.13_p0&soc-app=1&soc-platform=1&soc-device=1&rt=c "HTTP/2 200 OK"
2024-12-11 18:04:00,620 - INFO - Title: How cadet of the janitor became a cadet at the West Point, Published: Fri, 29 Nov 2024 13:39:19 -0000, Link: https://www.wojsko-polskie.pl/sgwp/articles/aktualnosci-w/jak-podchorazy-wozny-zostal-kadetem-na-west-point/
2024-12-11 18:04:00,684 - INFO - HTTP Request: POST https://translate.google.com/_/TranslateWebserverUi/data/batchexecute?rpcids=MkEWBc&bl=boq_translate-webserver_20201207.13_p0&soc-app=1&soc-platform=1&soc-device=1&rt=c "HTTP/2 200 OK"
2024-12-11 18:04:00,782 - INFO - HTTP Request: POST https://translate.google.com/_/TranslateWebserverUi/data/batchexecute?rpcids=MkEWBc&bl=boq_translate-webserver_20201207.13_p0&soc-app=1&soc-platform=1&soc-device=1&rt=c "HTTP/2 200 OK"
2024-12-11 18:04:00,798 - INFO - Title: Chief of the General Staff of the Polish Army with a visit to Germany, Published: Fri, 29 Nov 2024 13:24:19 -0000, Link: https://www.wojsko-polskie.pl/sgwp/articles/aktualnosci-w/szef-sztabu-generalnego-wp-z-wizyta-w-niemczech/
2024-12-11 18:04:02,585 - INFO - HTTP Request: POST https://translate.google.com/_/TranslateWebserverUi/data/batchexecute?rpcids=MkEWBc&bl=boq_translate-webserver_20201207.13_p0&soc-app=1&soc-platform=1&soc-device=1&rt=c "HTTP/2 200 OK"
2024-12-11 18:04:02,669 - INFO - HTTP Request: POST https://translate.google.com/_/TranslateWebserverUi/data/batchexecute?rpcids=MkEWBc&bl=boq_translate-webserver_20201207.13_p0&soc-app=1&soc-platform=1&soc-device=1&rt=c "HTTP/2 200 OK"
2024-12-11 18:04:02,670 - INFO - Title: Specific surgery, Published: Wed, 27 Nov 2024 20:07:09 -0000, Link: https://www.wojsko-polskie.pl/sgwp/articles/aktualnosci-w/operacja-szpej/
2024-12-11 18:04:03,917 - INFO - HTTP Request: POST https://translate.google.com/_/TranslateWebserverUi/data/batchexecute?rpcids=MkEWBc&bl=boq_translate-webserver_20201207.13_p0&soc-app=1&soc-platform=1&soc-device=1&rt=c "HTTP/2 200 OK"
2024-12-11 18:04:04,005 - INFO - HTTP Request: POST https://translate.google.com/_/TranslateWebserverUi/data/batchexecute?rpcids=MkEWBc&bl=boq_translate-webserver_20201207.13_p0&soc-app=1&soc-platform=1&soc-device=1&rt=c "HTTP/2 200 OK"
2024-12-11 18:04:04,006 - INFO - Title: Conference of the Eurocorpus Committee in Poland, Published: Wed, 27 Nov 2024 19:52:09 -0000, Link: https://www.wojsko-polskie.pl/sgwp/articles/aktualnosci-w/konferencja-komitetu-wspolnego-eurokorpusu-w-polsce/
2024-12-11 18:04:04,009 - INFO - Data saved to data/translated_feeds.json
2024-12-11 18:04:09,888 - INFO - HTTP Request: POST https://translate.google.com/_/TranslateWebserverUi/data/batchexecute?rpcids=MkEWBc&bl=boq_translate-webserver_20201207.13_p0&soc-app=1&soc-platform=1&soc-device=1&rt=c "HTTP/2 200 OK"
2024-12-11 18:04:10,982 - INFO - HTTP Request: POST https://translate.google.com/_/TranslateWebserverUi/data/batchexecute?rpcids=MkEWBc&bl=boq_translate-webserver_20201207.13_p0&soc-app=1&soc-platform=1&soc-device=1&rt=c "HTTP/2 200 OK"
2024-12-11 18:04:10,983 - INFO - Title: They gave assistance to the stripped lanes, Published: Thu, 05 Dec 2024 13:42:48 -0000, Link: https://www.wojsko-polskie.pl/kgzw/articles/aktualnosci-w/udzielili-pomocy-potraconemu-na-pasach/
2024-12-11 18:04:12,212 - INFO - HTTP Request: POST https://translate.google.com/_/TranslateWebserverUi/data/batchexecute?rpcids=MkEWBc&bl=boq_translate-webserver_20201207.13_p0&soc-app=1&soc-platform=1&soc-device=1&rt=c "HTTP/2 200 OK"
2024-12-11 18:04:13,338 - INFO - HTTP Request: POST https://translate.google.com/_/TranslateWebserverUi/data/batchexecute?rpcids=MkEWBc&bl=boq_translate-webserver_20201207.13_p0&soc-app=1&soc-platform=1&soc-device=1&rt=c "HTTP/2 200 OK"
2024-12-11 18:04:13,340 - INFO - Title: Broadly extensive actions controlling the compliance with EU sanctions, Published: Thu, 05 Dec 2024 13:27:48 -0000, Link: https://www.wojsko-polskie.pl/kgzw/articles/aktualnosci-w/szeroko-zakrojone-dzialania-kontrolujace-przestrzeganie-unijnych-sankcji/
2024-12-11 18:04:13,423 - INFO - HTTP Request: POST https://translate.google.com/_/TranslateWebserverUi/data/batchexecute?rpcids=MkEWBc&bl=boq_translate-webserver_20201207.13_p0&soc-app=1&soc-platform=1&soc-device=1&rt=c "HTTP/2 200 OK"
2024-12-11 18:04:14,565 - INFO - HTTP Request: POST https://translate.google.com/_/TranslateWebserverUi/data/batchexecute?rpcids=MkEWBc&bl=boq_translate-webserver_20201207.13_p0&soc-app=1&soc-platform=1&soc-device=1&rt=c "HTTP/2 200 OK"
2024-12-11 18:04:14,567 - INFO - Title: Conference, Published: Wed, 04 Dec 2024 09:49:48 -0000, Link: https://www.wojsko-polskie.pl/kgzw/articles/aktualnosci-w/konferencja-miedzyresortowego-komitetu-wysokiego-szczebla-europejskich-sil-zandarmerii-w-madrycie/
2024-12-11 18:04:14,642 - INFO - HTTP Request: POST https://translate.google.com/_/TranslateWebserverUi/data/batchexecute?rpcids=MkEWBc&bl=boq_translate-webserver_20201207.13_p0&soc-app=1&soc-platform=1&soc-device=1&rt=c "HTTP/2 200 OK"
2024-12-11 18:04:14,720 - INFO - HTTP Request: POST https://translate.google.com/_/TranslateWebserverUi/data/batchexecute?rpcids=MkEWBc&bl=boq_translate-webserver_20201207.13_p0&soc-app=1&soc-platform=1&soc-device=1&rt=c "HTTP/2 200 OK"
2024-12-11 18:04:14,722 - INFO - Title: Training of ŻW soldiers in the field of counteracting domestic violence, Published: Tue, 03 Dec 2024 09:56:44 -0000, Link: https://www.wojsko-polskie.pl/kgzw/articles/aktualnosci-w/szkolenie-zolnierzy-zw-z-zakresu-przeciwdzialania-przemocy-domowej/
2024-12-11 18:04:14,796 - INFO - HTTP Request: POST https://translate.google.com/_/TranslateWebserverUi/data/batchexecute?rpcids=MkEWBc&bl=boq_translate-webserver_20201207.13_p0&soc-app=1&soc-platform=1&soc-device=1&rt=c "HTTP/2 200 OK"
2024-12-11 18:04:16,000 - INFO - HTTP Request: POST https://translate.google.com/_/TranslateWebserverUi/data/batchexecute?rpcids=MkEWBc&bl=boq_translate-webserver_20201207.13_p0&soc-app=1&soc-platform=1&soc-device=1&rt=c "HTTP/2 200 OK"
2024-12-11 18:04:16,001 - INFO - Title: The gendarme provided the driver with an irritated substance, Published: Wed, 27 Nov 2024 14:15:01 -0000, Link: https://www.wojsko-polskie.pl/kgzw/articles/aktualnosci-w/zandarm-udzielil-pomocy-kierowcy-zaatakowanemu-drazniaca-substancja/
2024-12-11 18:04:16,003 - INFO - Data saved to data/translated_feeds.json
2024-12-11 18:04:17,727 - INFO - HTTP Request: POST https://translate.google.com/_/TranslateWebserverUi/data/batchexecute?rpcids=MkEWBc&bl=boq_translate-webserver_20201207.13_p0&soc-app=1&soc-platform=1&soc-device=1&rt=c "HTTP/2 200 OK"
2024-12-11 18:04:17,790 - INFO - HTTP Request: POST https://translate.google.com/_/TranslateWebserverUi/data/batchexecute?rpcids=MkEWBc&bl=boq_translate-webserver_20201207.13_p0&soc-app=1&soc-platform=1&soc-device=1&rt=c "HTTP/2 200 OK"
2024-12-11 18:04:17,791 - INFO - Title: Russia threatens the cybersecurity of Europe - the prime minister has made a strategic decision, Published: Wed, 11 Dec 2024 15:28:48 -0000, Link: https://www.gov.pl/web/premier/rosja-zagraza-cyberbezpieczenstwu-europy--premier-podjal-strategiczna-decyzje
2024-12-11 18:04:18,765 - INFO - HTTP Request: POST https://translate.google.com/_/TranslateWebserverUi/data/batchexecute?rpcids=MkEWBc&bl=boq_translate-webserver_20201207.13_p0&soc-app=1&soc-platform=1&soc-device=1&rt=c "HTTP/2 200 OK"
2024-12-11 18:04:18,830 - INFO - HTTP Request: POST https://translate.google.com/_/TranslateWebserverUi/data/batchexecute?rpcids=MkEWBc&bl=boq_translate-webserver_20201207.13_p0&soc-app=1&soc-platform=1&soc-device=1&rt=c "HTTP/2 200 OK"
2024-12-11 18:04:18,831 - INFO - Title: Liquidation of the CBA and priorities of the Polish Presidency - decisions of the Council of Ministers, Published: Tue, 10 Dec 2024 19:17:04 -0000, Link: https://www.gov.pl/web/premier/likwidacja-cba-i-priorytety-polskiej-prezydencji--decyzje-rady-ministrow
2024-12-11 18:04:19,685 - INFO - HTTP Request: POST https://translate.google.com/_/TranslateWebserverUi/data/batchexecute?rpcids=MkEWBc&bl=boq_translate-webserver_20201207.13_p0&soc-app=1&soc-platform=1&soc-device=1&rt=c "HTTP/2 200 OK"
2024-12-11 18:04:19,769 - INFO - HTTP Request: POST https://translate.google.com/_/TranslateWebserverUi/data/batchexecute?rpcids=MkEWBc&bl=boq_translate-webserver_20201207.13_p0&soc-app=1&soc-platform=1&soc-device=1&rt=c "HTTP/2 200 OK"
2024-12-11 18:04:19,771 - INFO - Title: Young geniuses at the Chancellery of the Prime Minister - a meeting with the winners of the International Scientific Olympics, Published: Mon, 09 Dec 2024 19:02:26 -0000, Link: https://www.gov.pl/web/premier/mlodzi-geniusze-w-kprm---spotkanie-z-laureatami-miedzynarodowych-olimpiad-naukowych
2024-12-11 18:04:21,427 - INFO - HTTP Request: POST https://translate.google.com/_/TranslateWebserverUi/data/batchexecute?rpcids=MkEWBc&bl=boq_translate-webserver_20201207.13_p0&soc-app=1&soc-platform=1&soc-device=1&rt=c "HTTP/2 200 OK"
2024-12-11 18:04:21,490 - INFO - HTTP Request: POST https://translate.google.com/_/TranslateWebserverUi/data/batchexecute?rpcids=MkEWBc&bl=boq_translate-webserver_20201207.13_p0&soc-app=1&soc-platform=1&soc-device=1&rt=c "HTTP/2 200 OK"
2024-12-11 18:04:21,491 - INFO - Title: Prime Minister about the settlements of the previous power: I expect more determination from the services, Published: Thu, 05 Dec 2024 14:54:39 -0000, Link: https://www.gov.pl/web/premier/premier-o-rozliczeniach-poprzedniej-wladzy-oczekuje-od-sluzb-wiekszej-determinacji
2024-12-11 18:04:21,568 - INFO - HTTP Request: POST https://translate.google.com/_/TranslateWebserverUi/data/batchexecute?rpcids=MkEWBc&bl=boq_translate-webserver_20201207.13_p0&soc-app=1&soc-platform=1&soc-device=1&rt=c "HTTP/2 200 OK"
2024-12-11 18:04:22,861 - INFO - HTTP Request: POST https://translate.google.com/_/TranslateWebserverUi/data/batchexecute?rpcids=MkEWBc&bl=boq_translate-webserver_20201207.13_p0&soc-app=1&soc-platform=1&soc-device=1&rt=c "HTTP/2 200 OK"
2024-12-11 18:04:22,863 - INFO - Title: Preparations for the Polish Presidency in the EU Council - a meeting with the chairwoman of the European Parliament, Published: Thu, 05 Dec 2024 13:50:30 -0000, Link: https://www.gov.pl/web/premier/przygotowania-do-polskiej-prezydencji-w-radzie-ue--spotkanie-z-przewodniczaca-parlamentu-europejskiego
2024-12-11 18:04:22,865 - INFO - Data saved to data/translated_feeds.json
2024-12-11 18:04:24,121 - INFO - HTTP Request: POST https://translate.google.com/_/TranslateWebserverUi/data/batchexecute?rpcids=MkEWBc&bl=boq_translate-webserver_20201207.13_p0&soc-app=1&soc-platform=1&soc-device=1&rt=c "HTTP/2 200 OK"
2024-12-11 18:04:25,198 - INFO - HTTP Request: POST https://translate.google.com/_/TranslateWebserverUi/data/batchexecute?rpcids=MkEWBc&bl=boq_translate-webserver_20201207.13_p0&soc-app=1&soc-platform=1&soc-device=1&rt=c "HTTP/2 200 OK"
2024-12-11 18:04:25,200 - INFO - Title: Add the holidays from WOT to the list of New Year's resolutions, Published: Fri, 06 Dec 2024 07:57:26 -0000, Link: https://media.terytorialsi.wp.mil.pl/informacje#76b2b1813edb45e7b3ef42f3f664b509
2024-12-11 18:04:25,279 - INFO - HTTP Request: POST https://translate.google.com/_/TranslateWebserverUi/data/batchexecute?rpcids=MkEWBc&bl=boq_translate-webserver_20201207.13_p0&soc-app=1&soc-platform=1&soc-device=1&rt=c "HTTP/2 200 OK"
2024-12-11 18:04:26,352 - INFO - HTTP Request: POST https://translate.google.com/_/TranslateWebserverUi/data/batchexecute?rpcids=MkEWBc&bl=boq_translate-webserver_20201207.13_p0&soc-app=1&soc-platform=1&soc-device=1&rt=c "HTTP/2 200 OK"
2024-12-11 18:04:26,355 - INFO - Title: "Faithful to the military oath, aware of the dignity of the Polish Army officer ...", Published: Thu, 05 Dec 2024 09:27:39 -0000, Link: https://media.terytorialsi.wp.mil.pl/informacje#2d849e7004adaa51a74c5dc9221e935b
2024-12-11 18:04:27,406 - INFO - HTTP Request: POST https://translate.google.com/_/TranslateWebserverUi/data/batchexecute?rpcids=MkEWBc&bl=boq_translate-webserver_20201207.13_p0&soc-app=1&soc-platform=1&soc-device=1&rt=c "HTTP/2 200 OK"
2024-12-11 18:04:28,689 - INFO - HTTP Request: POST https://translate.google.com/_/TranslateWebserverUi/data/batchexecute?rpcids=MkEWBc&bl=boq_translate-webserver_20201207.13_p0&soc-app=1&soc-platform=1&soc-device=1&rt=c "HTTP/2 200 OK"
2024-12-11 18:04:28,692 - INFO - Title: 5 years Flyeye in the 8th Kuyavian-Pomeranian Brigade OT, Published: Thu, 05 Dec 2024 09:12:39 -0000, Link: https://media.terytorialsi.wp.mil.pl/informacje#3e8a1a4a73e0ab09f28c41bb2f8cdef2
2024-12-11 18:04:28,696 - INFO - Data saved to data/translated_feeds.json
